 
*** VICE Version 3.5 ***
 
Welcome to x64sc, the free portable C64 Emulator.
 
Current VICE team members:
Martin Pottendorfer, Marco van den Heuvel, Fabrizio Gennari, Groepaz, 
Errol Smith, Ingo Korb, Olaf Seibert, Marcus Sutton, Kajtar Zsolt, AreaScout, 
Bas Wassink, Michael C. Martin, Christopher Phillips, David Hogan, 
Empathic Qubit, Roberto Muscedere.
 
This is free software with ABSOLUTELY NO WARRANTY.
See the "About VICE" command for more info.
 
Loading system file `/Applications/vice-gtk3-3.5/VICE.app/Contents/Resources/bin/../share/vice/C64/kernal'.
Loading system file `/Applications/vice-gtk3-3.5/VICE.app/Contents/Resources/bin/../share/vice/C64/basic'.
Loading system file `/Applications/vice-gtk3-3.5/VICE.app/Contents/Resources/bin/../share/vice/C64/chargen'.
Loading system file `/Applications/vice-gtk3-3.5/VICE.app/Contents/Resources/bin/../share/vice/PRINTER/mps803'.
Palette: Loading palette `/Applications/vice-gtk3-3.5/VICE.app/Contents/Resources/bin/../share/vice/PRINTER/mps803.vpl'.
Loading system file `/Applications/vice-gtk3-3.5/VICE.app/Contents/Resources/bin/../share/vice/PRINTER/nl10-cbm'.
Palette: Loading palette `/Applications/vice-gtk3-3.5/VICE.app/Contents/Resources/bin/../share/vice/PRINTER/nl10.vpl'.
NL10: Printer driver initialized.
Palette: Loading palette `/Applications/vice-gtk3-3.5/VICE.app/Contents/Resources/bin/../share/vice/PRINTER/1520.vpl'.
Loading system file `/Applications/vice-gtk3-3.5/VICE.app/Contents/Resources/bin/../share/vice/DRIVES/dos1540'.
Loading system file `/Applications/vice-gtk3-3.5/VICE.app/Contents/Resources/bin/../share/vice/DRIVES/dos1541'.
Loading system file `/Applications/vice-gtk3-3.5/VICE.app/Contents/Resources/bin/../share/vice/DRIVES/d1541II'.
Loading system file `/Applications/vice-gtk3-3.5/VICE.app/Contents/Resources/bin/../share/vice/DRIVES/dos1570'.
Loading system file `/Applications/vice-gtk3-3.5/VICE.app/Contents/Resources/bin/../share/vice/DRIVES/dos1571'.
Loading system file `/Applications/vice-gtk3-3.5/VICE.app/Contents/Resources/bin/../share/vice/DRIVES/dos1581'.
DriveROM: Error - 2000 ROM image not found. Hardware-level 2000 emulation is not available.
DriveROM: Error - 4000 ROM image not found. Hardware-level 4000 emulation is not available.
DriveROM: Error - CMDHD ROM image not found. Hardware-level CMDHD emulation is not available.
Loading system file `/Applications/vice-gtk3-3.5/VICE.app/Contents/Resources/bin/../share/vice/DRIVES/dos2031'.
Loading system file `/Applications/vice-gtk3-3.5/VICE.app/Contents/Resources/bin/../share/vice/DRIVES/dos2040'.
Loading system file `/Applications/vice-gtk3-3.5/VICE.app/Contents/Resources/bin/../share/vice/DRIVES/dos3040'.
Loading system file `/Applications/vice-gtk3-3.5/VICE.app/Contents/Resources/bin/../share/vice/DRIVES/dos4040'.
Loading system file `/Applications/vice-gtk3-3.5/VICE.app/Contents/Resources/bin/../share/vice/DRIVES/dos1001'.
Loading system file `/Applications/vice-gtk3-3.5/VICE.app/Contents/Resources/bin/../share/vice/DRIVES/dos9000'.
Drive: Finished loading ROM images.
VIC-II: Initializing chip model "MOS8565" (63 cycles per line, 312 raster lines).
using GTK3 backend: OpenGL
Created render thread 0
Render thread initialised
Sound: Available sound devices: coreaudio dummy fs dump wav voc iff aiff mp3 flac ogg soundmovie
mac_joy: loaded HID device list with IOHIDManager. found 0 devices
mac_joy: (auto) found 0 HID devices. HID A='' B=''
mac_joy: (auto) done
Keyboard: Loading keymap `/Applications/vice-gtk3-3.5/VICE.app/Contents/Resources/bin/../share/vice/C64/gtk3_sym.vkm'.
Keyboard: Warning - gtk3_sym.vkm: !LCBM !VCBM !LCTRL !VCTRL not defined.
Main CPU: starting at ($FFFC).
Main CPU: RESET.
sound (coreaudio_init): Found audio device with no outputs: MacBook Air Microphone
sound (coreaudio_init): Found output audio device: MacBook Air Speakers (Default)
sound (coreaudio_init): Using output audio device: MacBook Air Speakers
sound (coreaudio_init): audio frame buffer size in samples min: 14.000000 max: 4096.000000 fragment size: 128, chosen: 128
sound (coreaudio_start): Started
Sound: Opened device `coreaudio', speed 44100Hz, fragment size 2.90ms, buffer size 26.12ms
Copybuffer increase to 256 bytes
reSID: MOS8580, filter on, sampling rate 44100Hz - resampling, pass to 19845Hz
Unit 8: RESET.
AUTOSTART: Autodetecting image type of `/Users/lukegardner/Downloads/a_mind_is_born.prg'.
Filesystem Image Probe: Error - Import GCR: Unknown GCR image version 50.
Filesystem Image: Unknown disk image `/Users/lukegardner/Downloads/a_mind_is_born.prg'.
Tape: Error - Cannot open file `/Users/lukegardner/Downloads/a_mind_is_born.prg'
Error - CRT header invalid.
CART: '/Users/lukegardner/Downloads/a_mind_is_born.prg' is not a valid CRT file.
AUTOSTART: Loading PRG file `/Users/lukegardner/Downloads/a_mind_is_born.prg' with autostart disk image.
AUTOSTART: Resetting the machine to autostart 'A_MIND_IS_BORN'
VIC-II: VSP Bug: safe channels are: 12347. Emulation of memory corruption is disabled.
AUTOSTART: Turning Warp mode on
AUTOSTART: `/Users/lukegardner/Downloads/a_mind_is_born.prg' recognized as program/p00 file.
Main CPU: RESET.
Unit 8: RESET.
AUTOSTART: Loading program 'A_MIND_IS_BORN'
AUTOSTART: Searching for ... missed, got LOADING
AUTOSTART: Entered ROM at $e5d1
AUTOSTART: Ready
AUTOSTART: Turning Warp mode off
sound (coreaudio_start): Started
AUTOSTART: Starting program.
AUTOSTART: Restoring FileSystemDevice8 to 1.
AUTOSTART: Restoring FSDevice8ConvertP00 to 1.
AUTOSTART: Done.
AUTOSTART: Autodetecting image type of `/Users/lukegardner/Downloads/a_mind_is_born.prg'.
Filesystem Image Probe: Error - Import GCR: Unknown GCR image version 50.
Filesystem Image: Unknown disk image `/Users/lukegardner/Downloads/a_mind_is_born.prg'.
Tape: Error - Cannot open file `/Users/lukegardner/Downloads/a_mind_is_born.prg'
Error - CRT header invalid.
CART: '/Users/lukegardner/Downloads/a_mind_is_born.prg' is not a valid CRT file.
AUTOSTART: Loading PRG file `/Users/lukegardner/Downloads/a_mind_is_born.prg' with autostart disk image.
AUTOSTART: Resetting the machine to autostart 'A_MIND_IS_BORN'
VIC-II: VSP Bug: safe channels are: 345. Emulation of memory corruption is disabled.
AUTOSTART: Turning Warp mode on
AUTOSTART: `/Users/lukegardner/Downloads/a_mind_is_born.prg' recognized as program/p00 file.
Main CPU: RESET.
Unit 8: RESET.
AUTOSTART: Loading program 'A_MIND_IS_BORN'
AUTOSTART: Searching for ... missed, got LOADING
AUTOSTART: Entered ROM at $e5d1
AUTOSTART: Ready
AUTOSTART: Turning Warp mode off
sound (coreaudio_start): Started
AUTOSTART: Starting program.
AUTOSTART: Restoring FileSystemDevice8 to 1.
AUTOSTART: Restoring FSDevice8ConvertP00 to 1.
AUTOSTART: Done.
***    Main CPU: JAM at $FF09   
Sound: Warning - Buffer full during suspend
sound (coreaudio_start): Started
Filesystem Image Probe: Error - Cannot read image header.
Filesystem Image Probe: Error - Cannot read image header.
Filesystem Image: Unknown disk image `/Users/lukegardner/Desktop'.
VDrive Internal: Error - Cannot open file `/Users/lukegardner/Desktop'
Warning - sync is far too late, resetting sync
Filesystem Image Probe: Error - Cannot read image header.
Filesystem Image Probe: Error - Cannot read image header.
Filesystem Image: Unknown disk image `/Users/lukegardner/Downloads'.
VDrive Internal: Error - Cannot open file `/Users/lukegardner/Downloads'
Warning - sync is far too late, resetting sync
Filesystem Image Probe: Error - Cannot read image header.
Filesystem Image Probe: Error - Cannot read image header.
Filesystem Image: Unknown disk image `/Users/lukegardner/Downloads/GLSL_Loading'.
VDrive Internal: Error - Cannot open file `/Users/lukegardner/Downloads/GLSL_Loading'
Filesystem Image Probe: Error - Cannot read image header.
Filesystem Image Probe: Error - Cannot read image header.
Filesystem Image: Unknown disk image `/Users/lukegardner/Downloads/apps'.
VDrive Internal: Error - Cannot open file `/Users/lukegardner/Downloads/apps'
Filesystem Image Probe: Error - Cannot read image header.
Filesystem Image Probe: Error - Cannot read image header.
Filesystem Image: Unknown disk image `/Users/lukegardner/Downloads/fonts'.
VDrive Internal: Error - Cannot open file `/Users/lukegardner/Downloads/fonts'
Filesystem Image Probe: Error - Cannot read image header.
Filesystem Image Probe: Error - Cannot read image header.
Filesystem Image: Unknown disk image `/Users/lukegardner/Downloads/game:app add-ons'.
VDrive Internal: Error - Cannot open file `/Users/lukegardner/Downloads/game:app add-ons'
Filesystem Image Probe: Error - Cannot read image header.
Filesystem Image Probe: Error - Cannot read image header.
Filesystem Image: Unknown disk image `/Users/lukegardner/Downloads/pdf files'.
VDrive Internal: Error - Cannot open file `/Users/lukegardner/Downloads/pdf files'
Filesystem Image Probe: Error - Cannot read image header.
Filesystem Image Probe: Error - Cannot read image header.
Filesystem Image: Unknown disk image `/Users/lukegardner/Downloads/zip files'.
VDrive Internal: Error - Cannot open file `/Users/lukegardner/Downloads/zip files'
Filesystem Image Probe: Error - Cannot read image header.
Filesystem Image Probe: Error - Cannot read image header.
Filesystem Image: Unknown disk image `/Users/lukegardner/Downloads/GLSL_Loading'.
VDrive Internal: Error - Cannot open file `/Users/lukegardner/Downloads/GLSL_Loading'
Filesystem Image Probe: Error - Import GCR: Unknown GCR image version 50.
Filesystem Image: Unknown disk image `/Users/lukegardner/Downloads/a_mind_is_born.prg'.
VDrive Internal: Error - Cannot open file `/Users/lukegardner/Downloads/a_mind_is_born.prg'
Filesystem Image Probe: Error - Import GCR: Unknown GCR image version 50.
Filesystem Image: Unknown disk image `/Users/lukegardner/Downloads/a_mind_is_born.prg'.
VIC-II: VSP Bug: safe channels are: 0346. Emulation of memory corruption is disabled.
Main CPU: RESET.
AUTOSTART: Turned off.
Unit 8: RESET.
AUTOSTART: Autodetecting image type of `/Users/lukegardner/Downloads/a_mind_is_born.prg'.
Filesystem Image Probe: Error - Import GCR: Unknown GCR image version 50.
Filesystem Image: Unknown disk image `/Users/lukegardner/Downloads/a_mind_is_born.prg'.
Tape: Error - Cannot open file `/Users/lukegardner/Downloads/a_mind_is_born.prg'
Error - CRT header invalid.
CART: '/Users/lukegardner/Downloads/a_mind_is_born.prg' is not a valid CRT file.
AUTOSTART: Loading PRG file `/Users/lukegardner/Downloads/a_mind_is_born.prg' with autostart disk image.
AUTOSTART: Resetting the machine to autostart 'A_MIND_IS_BORN'
VIC-II: VSP Bug: safe channels are: 024567. Emulation of memory corruption is disabled.
AUTOSTART: Turning Warp mode on
AUTOSTART: `/Users/lukegardner/Downloads/a_mind_is_born.prg' recognized as program/p00 file.
Main CPU: RESET.
Unit 8: RESET.
AUTOSTART: Loading program 'A_MIND_IS_BORN'
AUTOSTART: Searching for ... missed, got LOADING
AUTOSTART: Entered ROM at $e5d1
AUTOSTART: Ready
AUTOSTART: Turning Warp mode off
sound (coreaudio_start): Started
AUTOSTART: Starting program.
AUTOSTART: Restoring FileSystemDevice8 to 1.
AUTOSTART: Restoring FSDevice8ConvertP00 to 1.
AUTOSTART: Done.
Initiating render thread 0 shutdown
Joining render thread 0 ...
Ignoring new render job as render thread 0 is shutting down
Sound: Closing device `coreaudio'
Joined render thread 0.
AudioComponentInstanceDispose
VICE thread initiating shutdown
VICE thread is exiting
VICE thread has been joined.
VIC-II: VSP Bug: safe channels are: 0346. Emulation of memory corruption is disabled.
