INFO: 2022-05-04 20:09:29,989: main() 'Using profile folder /home/f1restorm/.config/variety/'
INFO: 2022-05-04 20:09:30,002: perform_upgrade() 'Last run version was 0.8.7 or earlier, current version is 0.8.7'
INFO: 2022-05-04 20:09:30,071: process_command() 'Received command: []'
INFO: 2022-05-04 20:09:30,072: start() 'Using data_path /usr/share/variety'
INFO: 2022-05-04 20:09:30,073: load() 'Jumble loading'
INFO: 2022-05-04 20:09:30,073: _walk_modules() 'Jumble loading module in __init__ from /usr/lib/python3.10/site-packages/variety/plugins/builtin/__init__.py'
INFO: 2022-05-04 20:09:30,073: _walk_modules() 'Jumble loading module in QuotationsPageSource from /usr/lib/python3.10/site-packages/variety/plugins/builtin/quotes/QuotationsPageSource.py'
INFO: 2022-05-04 20:09:30,080: load() 'Jumble found plugin class: <class 'QuotationsPageSource.QuotationsPageSource'>: {'name': 'TheQuotationsPage.com', 'description': 'Fetches quotes from TheQuotationsPage.com', 'author': 'Peter Levi', 'version': '0.1'}'
INFO: 2022-05-04 20:09:30,080: _walk_modules() 'Jumble loading module in __init__ from /usr/lib/python3.10/site-packages/variety/plugins/builtin/quotes/__init__.py'
INFO: 2022-05-04 20:09:30,080: _walk_modules() 'Jumble loading module in LocalFilesSource from /usr/lib/python3.10/site-packages/variety/plugins/builtin/quotes/LocalFilesSource.py'
INFO: 2022-05-04 20:09:30,080: load() 'Jumble found plugin class: <class 'LocalFilesSource.LocalFilesSource'>: {'name': 'Local text files', 'description': 'Displays quotes, defined in local text files.\nPut your own txt files in: ~/.config/variety/pluginconfig/quotes/.\nThe file format is:\n\nquote -- author\n.\nsecond quote -- another author\n.\netc...\n\nExample: http://rvelthuis.de/zips/quotes.txt', 'author': 'Peter Levi', 'version': '0.1'}'
INFO: 2022-05-04 20:09:30,081: _walk_modules() 'Jumble loading module in GoodreadsSource from /usr/lib/python3.10/site-packages/variety/plugins/builtin/quotes/GoodreadsSource.py'
INFO: 2022-05-04 20:09:30,081: load() 'Jumble found plugin class: <class 'GoodreadsSource.GoodreadsSource'>: {'name': 'Goodreads', 'description': 'Fetches quotes from Goodreads.com', 'author': 'Peter Levi', 'version': '0.1'}'
INFO: 2022-05-04 20:09:30,081: _walk_modules() 'Jumble loading module in UrbanDictionarySource from /usr/lib/python3.10/site-packages/variety/plugins/builtin/quotes/UrbanDictionarySource.py'
INFO: 2022-05-04 20:09:30,081: load() 'Jumble found plugin class: <class 'UrbanDictionarySource.UrbanDictionarySource'>: {'name': 'Urban Dictionary', 'description': 'Displays definitions from Urban Dictionary', 'author': 'James Miller', 'version': '0.1'}'
INFO: 2022-05-04 20:09:30,082: _walk_modules() 'Jumble loading module in FortuneSource from /usr/lib/python3.10/site-packages/variety/plugins/builtin/quotes/FortuneSource.py'
INFO: 2022-05-04 20:09:30,082: load() 'Jumble found plugin class: <class 'FortuneSource.FortuneSource'>: {'name': 'UNIX fortune program', 'description': 'Displays quotes using the UNIX fortune program. You may want to install additional fortune packs, e.g. fortunes-bofh-excuses.', 'author': 'Dan Jones', 'version': '0.1'}'
INFO: 2022-05-04 20:09:30,082: _walk_modules() 'Jumble loading module in WallhavenDownloader from /usr/lib/python3.10/site-packages/variety/plugins/builtin/downloaders/WallhavenDownloader.py'
INFO: 2022-05-04 20:09:30,083: _walk_modules() 'Jumble loading module in __init__ from /usr/lib/python3.10/site-packages/variety/plugins/builtin/downloaders/__init__.py'
INFO: 2022-05-04 20:09:30,084: _walk_modules() 'Jumble loading module in MediaRSSDownloader from /usr/lib/python3.10/site-packages/variety/plugins/builtin/downloaders/MediaRSSDownloader.py'
INFO: 2022-05-04 20:09:30,084: _walk_modules() 'Jumble loading module in APODDownloader from /usr/lib/python3.10/site-packages/variety/plugins/builtin/downloaders/APODDownloader.py'
INFO: 2022-05-04 20:09:30,084: load() 'Jumble found plugin class: <class 'APODDownloader.APODDownloader'>: {'name': 'APODDownloader', 'description': 'NASA Astro Pic of the Day', 'author': 'Peter Levi', 'version': '0.1'}'
INFO: 2022-05-04 20:09:30,085: _walk_modules() 'Jumble loading module in UnsplashDownloader from /usr/lib/python3.10/site-packages/variety/plugins/builtin/downloaders/UnsplashDownloader.py'
INFO: 2022-05-04 20:09:30,085: load() 'Jumble found plugin class: <class 'UnsplashDownloader.UnsplashDownloader'>: {'name': 'UnsplashDownloader', 'description': 'High-resolution photos from Unsplash.com', 'author': 'Peter Levi', 'version': '0.1'}'
INFO: 2022-05-04 20:09:30,085: _walk_modules() 'Jumble loading module in ArtStationSource from /usr/lib/python3.10/site-packages/variety/plugins/builtin/downloaders/ArtStationSource.py'
INFO: 2022-05-04 20:09:30,086: load() 'Jumble found plugin class: <class 'ArtStationSource.ArtStationSource'>: {'name': 'ArtStationSource', 'description': 'Configurable source for fetching images from ArtStation', 'author': 'Denis Gordeev', 'version': '0.1'}'
INFO: 2022-05-04 20:09:30,086: _walk_modules() 'Jumble loading module in EarthviewDownloader from /usr/lib/python3.10/site-packages/variety/plugins/builtin/downloaders/EarthviewDownloader.py'
INFO: 2022-05-04 20:09:30,086: load() 'Jumble found plugin class: <class 'EarthviewDownloader.EarthviewDownloader'>: {'name': 'EarthviewDownloader', 'description': 'Google Earth View Wallpapers', 'author': 'Peter Levi', 'version': '0.1'}'
INFO: 2022-05-04 20:09:30,086: _walk_modules() 'Jumble loading module in WallhavenLegacyDownloader from /usr/lib/python3.10/site-packages/variety/plugins/builtin/downloaders/WallhavenLegacyDownloader.py'
INFO: 2022-05-04 20:09:30,087: _walk_modules() 'Jumble loading module in MediaRSSSource from /usr/lib/python3.10/site-packages/variety/plugins/builtin/downloaders/MediaRSSSource.py'
INFO: 2022-05-04 20:09:30,094: load() 'Jumble found plugin class: <class 'MediaRSSSource.MediaRSSSource'>: {'name': 'MediaRSSSource', 'description': 'Configurable source for fetching images from MediaRSS feeds', 'author': 'Peter Levi', 'version': '0.1'}'
INFO: 2022-05-04 20:09:30,094: _walk_modules() 'Jumble loading module in RedditDownloader from /usr/lib/python3.10/site-packages/variety/plugins/builtin/downloaders/RedditDownloader.py'
INFO: 2022-05-04 20:09:30,094: _walk_modules() 'Jumble loading module in UnsplashConfigurableSource from /usr/lib/python3.10/site-packages/variety/plugins/builtin/downloaders/UnsplashConfigurableSource.py'
INFO: 2022-05-04 20:09:30,095: load() 'Jumble found plugin class: <class 'UnsplashConfigurableSource.UnsplashConfigurableSource'>: {'name': 'UnsplashConfigurableSource', 'description': 'Configurable source for fetching photos from Unsplash.com', 'author': 'Peter Levi', 'version': '0.1'}'
INFO: 2022-05-04 20:09:30,095: _walk_modules() 'Jumble loading module in ArtStationDownloader from /usr/lib/python3.10/site-packages/variety/plugins/builtin/downloaders/ArtStationDownloader.py'
INFO: 2022-05-04 20:09:30,095: _walk_modules() 'Jumble loading module in WallhavenSource from /usr/lib/python3.10/site-packages/variety/plugins/builtin/downloaders/WallhavenSource.py'
INFO: 2022-05-04 20:09:30,096: load() 'Jumble found plugin class: <class 'WallhavenSource.WallhavenSource'>: {'name': 'WallhavenSource', 'description': 'Configurable source for fetching images from Wallhaven.cc', 'author': 'Peter Levi', 'version': '0.1'}'
INFO: 2022-05-04 20:09:30,096: _walk_modules() 'Jumble loading module in RedditSource from /usr/lib/python3.10/site-packages/variety/plugins/builtin/downloaders/RedditSource.py'
INFO: 2022-05-04 20:09:30,096: load() 'Jumble found plugin class: <class 'RedditSource.RedditSource'>: {'name': 'RedditSource', 'description': 'Configurable source for fetching images from Reddit', 'author': 'Peter Levi', 'version': '0.1'}'
INFO: 2022-05-04 20:09:30,097: _walk_modules() 'Jumble loading module in NationalGeographicDownloader from /usr/lib/python3.10/site-packages/variety/plugins/builtin/downloaders/NationalGeographicDownloader.py'
INFO: 2022-05-04 20:09:30,097: load() 'Jumble found plugin class: <class 'NationalGeographicDownloader.NationalGeographicDownloader'>: {'name': 'NationalGeographicDownloader', 'description': "National Geographic's photo of the day", 'author': 'Eric Rösch', 'version': '0.1'}'
INFO: 2022-05-04 20:09:30,097: _walk_modules() 'Jumble loading module in BingDownloader from /usr/lib/python3.10/site-packages/variety/plugins/builtin/downloaders/BingDownloader.py'
INFO: 2022-05-04 20:09:30,098: load() 'Jumble found plugin class: <class 'BingDownloader.BingDownloader'>: {'name': 'BingDownloader', 'description': 'Bing Photo of the Day', 'author': 'Peter Levi', 'version': '0.1'}'
INFO: 2022-05-04 20:09:30,106: reload_config() 'Creating new downloader for type natgeo, location National Geographic's photo of the day'
INFO: 2022-05-04 20:09:30,116: log_options() 'Loaded options:'
INFO: 2022-05-04 20:09:30,116: log_options() 'change_enabled = False'
INFO: 2022-05-04 20:09:30,116: log_options() 'change_interval = 300'
INFO: 2022-05-04 20:09:30,116: log_options() 'change_on_start = False'
INFO: 2022-05-04 20:09:30,116: log_options() 'clipboard_enabled = False'
INFO: 2022-05-04 20:09:30,116: log_options() 'clipboard_hosts = ['wallhaven.cc', 'wallpapers.net', 'flickr.com', 'imgur.com', 'deviantart.com', 'interfacelift.com', 'vladstudio.com', 'imageshack.us', 'deviantart.net', 'imageshack.com']'
INFO: 2022-05-04 20:09:30,117: log_options() 'clipboard_use_whitelist = True'
INFO: 2022-05-04 20:09:30,117: log_options() 'clock_date_font = Ubuntu Condensed, 30'
INFO: 2022-05-04 20:09:30,117: log_options() 'clock_enabled = False'
INFO: 2022-05-04 20:09:30,117: log_options() 'clock_filter = -density 100 -font `fc-match -f '%{file[0]}' '%CLOCK_FONT_NAME'` -pointsize %CLOCK_FONT_SIZE -gravity SouthEast -fill '#00000044' -annotate 0x0+[%HOFFSET+58]+[%VOFFSET+108] '%H:%M' -fill white -annotate 0x0+[%HOFFSET+60]+[%VOFFSET+110] '%H:%M' -font `fc-match -f '%{file[0]}' '%DATE_FONT_NAME'` -pointsize %DATE_FONT_SIZE -fill '#00000044' -annotate 0x0+[%HOFFSET+58]+[%VOFFSET+58] '%A, %B %d' -fill white -annotate 0x0+[%HOFFSET+60]+[%VOFFSET+60] '%A, %B %d''
INFO: 2022-05-04 20:09:30,117: log_options() 'clock_font = Ubuntu Condensed, 70'
INFO: 2022-05-04 20:09:30,117: log_options() 'configfile = /home/f1restorm/.config/variety/variety.conf'
INFO: 2022-05-04 20:09:30,117: log_options() 'copyto_enabled = False'
INFO: 2022-05-04 20:09:30,117: log_options() 'copyto_folder = Default'
INFO: 2022-05-04 20:09:30,117: log_options() 'desired_color = [160, 160, 160]'
INFO: 2022-05-04 20:09:30,117: log_options() 'desired_color_enabled = False'
INFO: 2022-05-04 20:09:30,117: log_options() 'download_folder = /home/f1restorm/.config/variety/Downloaded'
INFO: 2022-05-04 20:09:30,117: log_options() 'download_preference_ratio = 0.9'
INFO: 2022-05-04 20:09:30,117: log_options() 'favorites_folder = /home/f1restorm/.config/variety/Favorites'
INFO: 2022-05-04 20:09:30,117: log_options() 'favorites_operations = [['Downloaded', 'Copy'], ['Fetched', 'Move'], ['Others', 'Copy']]'
INFO: 2022-05-04 20:09:30,117: log_options() 'fetched_folder = /home/f1restorm/.config/variety/Fetched'
INFO: 2022-05-04 20:09:30,117: log_options() 'filters = [[False, 'Keep original', ''], [False, 'Grayscale', '-type Grayscale'], [False, 'Heavy blur', '-blur 120x40'], [False, 'Soft blur', '-blur 20x7'], [False, 'Oil painting', '-paint 8'], [False, 'Pointilism', '-spread 10 -noise 3'], [False, 'Pixellate', '-scale 3% -scale 3333%']]'
INFO: 2022-05-04 20:09:30,117: log_options() 'get_wallpaper_script = /home/f1restorm/.config/variety/scripts/get_wallpaper'
INFO: 2022-05-04 20:09:30,117: log_options() 'icon = Light'
INFO: 2022-05-04 20:09:30,117: log_options() 'internet_enabled = True'
INFO: 2022-05-04 20:09:30,117: log_options() 'lightness_enabled = False'
INFO: 2022-05-04 20:09:30,117: log_options() 'lightness_mode = 0'
INFO: 2022-05-04 20:09:30,117: log_options() 'min_rating = 4'
INFO: 2022-05-04 20:09:30,117: log_options() 'min_rating_enabled = False'
INFO: 2022-05-04 20:09:30,117: log_options() 'min_size = 80'
INFO: 2022-05-04 20:09:30,117: log_options() 'min_size_enabled = True'
INFO: 2022-05-04 20:09:30,117: log_options() 'quota_enabled = True'
INFO: 2022-05-04 20:09:30,117: log_options() 'quota_size = 1000'
INFO: 2022-05-04 20:09:30,117: log_options() 'quotes_authors = '
INFO: 2022-05-04 20:09:30,117: log_options() 'quotes_bg_color = [80, 80, 80]'
INFO: 2022-05-04 20:09:30,117: log_options() 'quotes_bg_opacity = 55'
INFO: 2022-05-04 20:09:30,117: log_options() 'quotes_change_enabled = False'
INFO: 2022-05-04 20:09:30,117: log_options() 'quotes_change_interval = 300'
INFO: 2022-05-04 20:09:30,117: log_options() 'quotes_disabled_sources = ['Urban Dictionary']'
INFO: 2022-05-04 20:09:30,117: log_options() 'quotes_enabled = False'
INFO: 2022-05-04 20:09:30,117: log_options() 'quotes_favorites_file = /home/f1restorm/.config/variety/favorite_quotes.txt'
INFO: 2022-05-04 20:09:30,117: log_options() 'quotes_font = Bitstream Charter 30'
INFO: 2022-05-04 20:09:30,117: log_options() 'quotes_hpos = 100'
INFO: 2022-05-04 20:09:30,117: log_options() 'quotes_max_length = 250'
INFO: 2022-05-04 20:09:30,117: log_options() 'quotes_tags = '
INFO: 2022-05-04 20:09:30,117: log_options() 'quotes_text_color = [255, 255, 255]'
INFO: 2022-05-04 20:09:30,117: log_options() 'quotes_text_shadow = False'
INFO: 2022-05-04 20:09:30,117: log_options() 'quotes_vpos = 40'
INFO: 2022-05-04 20:09:30,117: log_options() 'quotes_width = 70'
INFO: 2022-05-04 20:09:30,117: log_options() 'safe_mode = False'
INFO: 2022-05-04 20:09:30,117: log_options() 'set_wallpaper_script = /home/f1restorm/.config/variety/scripts/set_wallpaper'
INFO: 2022-05-04 20:09:30,117: log_options() 'slideshow_custom_enabled = False'
INFO: 2022-05-04 20:09:30,117: log_options() 'slideshow_custom_folder = /home/f1restorm/Pictures'
INFO: 2022-05-04 20:09:30,117: log_options() 'slideshow_downloads_enabled = False'
INFO: 2022-05-04 20:09:30,117: log_options() 'slideshow_fade = 0.4'
INFO: 2022-05-04 20:09:30,117: log_options() 'slideshow_favorites_enabled = True'
INFO: 2022-05-04 20:09:30,117: log_options() 'slideshow_mode = Fullscreen'
INFO: 2022-05-04 20:09:30,117: log_options() 'slideshow_monitor = All'
INFO: 2022-05-04 20:09:30,117: log_options() 'slideshow_pan = 0.05'
INFO: 2022-05-04 20:09:30,117: log_options() 'slideshow_seconds = 6.0'
INFO: 2022-05-04 20:09:30,117: log_options() 'slideshow_sort_order = Random'
INFO: 2022-05-04 20:09:30,117: log_options() 'slideshow_sources_enabled = True'
INFO: 2022-05-04 20:09:30,117: log_options() 'slideshow_zoom = 0.2'
INFO: 2022-05-04 20:09:30,117: log_options() 'smart_enabled = False'
INFO: 2022-05-04 20:09:30,117: log_options() 'smart_notice_shown = False'
INFO: 2022-05-04 20:09:30,117: log_options() 'smart_register_shown = False'
INFO: 2022-05-04 20:09:30,118: log_options() 'sources = [[True, 'favorites', 'The Favorites folder'], [False, 'fetched', 'The Fetched folder'], [True, 'folder', '/usr/share/backgrounds'], [False, 'flickr', 'user:www.flickr.com/photos/peter-levi/;user_id:93647178@N00;'], [False, 'apod', "NASA's Astronomy Picture of the Day"], [False, 'bing', 'Bing Photo of the Day'], [False, 'earthview', 'Google Earth View Wallpapers'], [False, 'unsplash', 'High-resolution photos from Unsplash.com'], [True, 'natgeo', "National Geographic's photo of the day"]]'
INFO: 2022-05-04 20:09:30,118: log_options() 'stats_enabled = True'
INFO: 2022-05-04 20:09:30,118: log_options() 'stats_notice_shown = False'
INFO: 2022-05-04 20:09:30,118: log_options() 'sync_enabled = True'
INFO: 2022-05-04 20:09:30,118: log_options() 'use_landscape_enabled = True'
INFO: 2022-05-04 20:09:30,118: log_options() 'wallhaven_api_key = '
INFO: 2022-05-04 20:09:30,118: reload_config() 'No need to clear prepared queue'
INFO: 2022-05-04 20:09:30,118: update_indicator() 'Setting file info to: /usr/share/backgrounds/arcolinux/mystery-3840x2160.jpg'
INFO: 2022-05-04 20:09:30,119: load_banned() 'Missing or invalid banned URLs list, no URLs will be banned'
INFO: 2022-05-04 20:09:30,119: load_last_change_time() 'Change interval < 6 hours, ignore persisted last_change_time, wait initially the whole interval: 300'
INFO: 2022-05-04 20:09:30,119: update_indicator() 'Setting file info to: /usr/share/backgrounds/arcolinux/mystery-3840x2160.jpg'
INFO: 2022-05-04 20:09:30,119: regular_change_thread() 'regular_change thread running'
INFO: 2022-05-04 20:09:30,119: regular_change_thread() 'regular_change: waiting till user resumes'
INFO: 2022-05-04 20:09:30,119: prepare_thread() 'Prepare thread running'
INFO: 2022-05-04 20:09:30,119: prepare_thread() 'Prepared buffer contains 0 images'
INFO: 2022-05-04 20:09:30,120: prepare_thread() 'Preparing some images'
INFO: 2022-05-04 20:09:30,120: get_throttling() 'National Geographic: parsing serverside options'
INFO: 2022-05-04 20:09:30,120: get_throttling() 'Could not parse National Geographic serverside options, using defaults None, None'
INFO: 2022-05-04 20:09:30,120: get_throttling() 'National Geographic: parsing serverside options'
INFO: 2022-05-04 20:09:30,120: get_throttling() 'Could not parse National Geographic serverside options, using defaults None, None'
INFO: 2022-05-04 20:09:30,120: download_one() 'National Geographic: Downloading an image, config: None'
INFO: 2022-05-04 20:09:30,120: download_one() 'National Geographic: Queue size: 0'
INFO: 2022-05-04 20:09:30,120: get_throttling() 'National Geographic: parsing serverside options'
INFO: 2022-05-04 20:09:30,120: get_throttling() 'Could not parse National Geographic serverside options, using defaults None, None'
INFO: 2022-05-04 20:09:30,120: download_one() 'National Geographic: Filling queue'
INFO: 2022-05-04 20:09:30,121: update_indicator_icon() 'Creating indicator'
ERROR: 2022-05-04 20:09:30,158: image_ok() 'Error in image_ok for file /usr/share/backgrounds/gnome/drool-l.svg'
Traceback (most recent call last):
  File "/usr/lib/python3.10/site-packages/variety/VarietyWindow.py", line 1761, in image_ok
    i = PILImage.open(img)
  File "/usr/lib/python3.10/site-packages/PIL/Image.py", line 3123, in open
    raise UnidentifiedImageError(
PIL.UnidentifiedImageError: cannot identify image file '/usr/share/backgrounds/gnome/drool-l.svg'
ERROR: 2022-05-04 20:09:30,207: image_ok() 'Error in image_ok for file /usr/share/backgrounds/gnome/blobs-d.svg'
Traceback (most recent call last):
  File "/usr/lib/python3.10/site-packages/variety/VarietyWindow.py", line 1761, in image_ok
    i = PILImage.open(img)
  File "/usr/lib/python3.10/site-packages/PIL/Image.py", line 3123, in open
    raise UnidentifiedImageError(
PIL.UnidentifiedImageError: cannot identify image file '/usr/share/backgrounds/gnome/blobs-d.svg'
INFO: 2022-05-04 20:09:30,219: do_set_wp() 'Calling do_set_wp with /usr/share/backgrounds/arcolinux/mystery-3840x2160.jpg, time: 1651716570.2197027'
INFO: 2022-05-04 20:09:30,224: update_indicator() 'Setting file info to: /usr/share/backgrounds/arcolinux/mystery-3840x2160.jpg'
WARNING: 2022-05-04 20:09:30,231: create_menu() 'Variety Slideshow is not installed. This is an optional extension adding pan-and-zoom slideshows to Variety: see https://github.com/peterlevi/variety-slideshow for details'
INFO: 2022-05-04 20:09:30,231: create_indicator() 'indicator backend: AppIndicator3'
INFO: 2022-05-04 20:09:30,254: set_from_theme_icon() 'Showing indicator icon variety-indicator from GTK theme'
ERROR: 2022-05-04 20:09:30,256: image_ok() 'Error in image_ok for file /usr/share/backgrounds/gnome/blobs-l.svg'
Traceback (most recent call last):
  File "/usr/lib/python3.10/site-packages/variety/VarietyWindow.py", line 1761, in image_ok
    i = PILImage.open(img)
  File "/usr/lib/python3.10/site-packages/PIL/Image.py", line 3123, in open
    raise UnidentifiedImageError(
PIL.UnidentifiedImageError: cannot identify image file '/usr/share/backgrounds/gnome/blobs-l.svg'
ERROR: 2022-05-04 20:09:30,258: image_ok() 'Error in image_ok for file /usr/share/backgrounds/gnome/drool-d.svg'
Traceback (most recent call last):
  File "/usr/lib/python3.10/site-packages/variety/VarietyWindow.py", line 1761, in image_ok
    i = PILImage.open(img)
  File "/usr/lib/python3.10/site-packages/PIL/Image.py", line 3123, in open
    raise UnidentifiedImageError(
PIL.UnidentifiedImageError: cannot identify image file '/usr/share/backgrounds/gnome/drool-d.svg'
INFO: 2022-05-04 20:09:30,277: download_one() 'National Geographic: Queue populated with 4 URLs'
INFO: 2022-05-04 20:09:30,277: save_locally() 'Origin URL: https://www.nationalgeographic.co.uk/photo-of-day?image=May%201'
INFO: 2022-05-04 20:09:30,277: save_locally() 'Image URL: https://static.nationalgeographic.co.uk/files/May%201.jpg'
INFO: 2022-05-04 20:09:30,277: save_locally() 'Local path: /home/f1restorm/.config/variety/Downloaded/National Geographic/May 1.jpg'
INFO: 2022-05-04 20:09:30,277: save_locally() 'File already exists, skip downloading'
INFO: 2022-05-04 20:09:30,333: prepare_thread() 'After search prepared buffer contains 50 images'
INFO: 2022-05-04 20:09:31,500: reload() 'Reloading preferences dialog'
INFO: 2022-05-04 20:09:32,334: trigger_download() 'Triggering download thread to check if download needed and possible'
INFO: 2022-05-04 20:09:50,140: server_options_thread() 'Fetching server options from http://tiny.cc/variety-options-063'
INFO: 2022-05-04 20:09:51,047: server_options_thread() 'Fetched server options: {'flickr': {'min_fill_queue_interval': 1200, 'min_download_interval': 1200}, 'wallbase': {'min_fill_queue_interval': 1800, 'min_download_interval': 1800}, 'wallhaven': {'min_fill_queue_interval': 1800, 'min_download_interval': 1800}, 'wallpapers.net': {'min_fill_queue_interval': 601, 'min_download_interval': 0}, 'unsplash': {'min_fill_queue_interval': 20000000000, 'min_download_interval': 20000000000}, 'unsplash_v2': {'min_fill_queue_interval': 3600, 'min_download_interval': 1800}, 'status_message': {'0.0.1': '', '*': ''}}'
INFO: 2022-05-04 20:12:32,334: get_throttling() 'National Geographic: parsing serverside options'
INFO: 2022-05-04 20:12:32,334: get_throttling() 'Could not parse National Geographic serverside options, using defaults None, None'
INFO: 2022-05-04 20:12:32,334: get_throttling() 'National Geographic: parsing serverside options'
INFO: 2022-05-04 20:12:32,334: get_throttling() 'Could not parse National Geographic serverside options, using defaults None, None'
INFO: 2022-05-04 20:12:32,334: download_one() 'National Geographic: Downloading an image, config: None'
INFO: 2022-05-04 20:12:32,335: download_one() 'National Geographic: Queue size: 3'
INFO: 2022-05-04 20:12:32,335: download_one() 'National Geographic: Queue populated with 3 URLs'
INFO: 2022-05-04 20:12:32,335: save_locally() 'Origin URL: https://www.nationalgeographic.co.uk/photo-of-day?image=May%202'
INFO: 2022-05-04 20:12:32,335: save_locally() 'Image URL: https://static.nationalgeographic.co.uk/files/May%202.jpg'
INFO: 2022-05-04 20:12:32,335: save_locally() 'Local path: /home/f1restorm/.config/variety/Downloaded/National Geographic/May 2.jpg'
INFO: 2022-05-04 20:12:32,335: save_locally() 'File already exists, skip downloading'
INFO: 2022-05-04 20:15:33,337: get_throttling() 'National Geographic: parsing serverside options'
INFO: 2022-05-04 20:15:33,337: get_throttling() 'Could not parse National Geographic serverside options, using defaults None, None'
INFO: 2022-05-04 20:15:33,337: get_throttling() 'National Geographic: parsing serverside options'
INFO: 2022-05-04 20:15:33,337: get_throttling() 'Could not parse National Geographic serverside options, using defaults None, None'
INFO: 2022-05-04 20:15:33,337: download_one() 'National Geographic: Downloading an image, config: None'
INFO: 2022-05-04 20:15:33,337: download_one() 'National Geographic: Queue size: 2'
INFO: 2022-05-04 20:15:33,337: download_one() 'National Geographic: Queue populated with 2 URLs'
INFO: 2022-05-04 20:15:33,337: save_locally() 'Origin URL: https://www.nationalgeographic.co.uk/photo-of-day?image=May%203'
INFO: 2022-05-04 20:15:33,337: save_locally() 'Image URL: https://static.nationalgeographic.co.uk/files/May%203.jpg'
INFO: 2022-05-04 20:15:33,337: save_locally() 'Local path: /home/f1restorm/.config/variety/Downloaded/National Geographic/May 3.jpg'
INFO: 2022-05-04 20:15:33,337: save_locally() 'File already exists, skip downloading'
INFO: 2022-05-04 20:18:34,339: get_throttling() 'National Geographic: parsing serverside options'
INFO: 2022-05-04 20:18:34,339: get_throttling() 'Could not parse National Geographic serverside options, using defaults None, None'
INFO: 2022-05-04 20:18:34,339: get_throttling() 'National Geographic: parsing serverside options'
INFO: 2022-05-04 20:18:34,339: get_throttling() 'Could not parse National Geographic serverside options, using defaults None, None'
INFO: 2022-05-04 20:18:34,339: download_one() 'National Geographic: Downloading an image, config: None'
INFO: 2022-05-04 20:18:34,339: download_one() 'National Geographic: Queue size: 1'
INFO: 2022-05-04 20:18:34,339: download_one() 'National Geographic: Queue populated with 1 URLs'
INFO: 2022-05-04 20:18:34,339: save_locally() 'Origin URL: https://www.nationalgeographic.co.uk/photo-of-day?image=May%2027'
INFO: 2022-05-04 20:18:34,339: save_locally() 'Image URL: https://static.nationalgeographic.co.uk/files/May%2027.jpg'
INFO: 2022-05-04 20:18:34,339: save_locally() 'Local path: /home/f1restorm/.config/variety/Downloaded/National Geographic/May 27.jpg'
INFO: 2022-05-04 20:18:34,339: save_locally() 'File already exists, skip downloading'
INFO: 2022-05-04 20:21:35,341: get_throttling() 'National Geographic: parsing serverside options'
INFO: 2022-05-04 20:21:35,341: get_throttling() 'Could not parse National Geographic serverside options, using defaults None, None'
INFO: 2022-05-04 20:21:35,341: get_throttling() 'National Geographic: parsing serverside options'
INFO: 2022-05-04 20:21:35,341: get_throttling() 'Could not parse National Geographic serverside options, using defaults None, None'
INFO: 2022-05-04 20:21:35,341: download_one() 'National Geographic: Downloading an image, config: None'
INFO: 2022-05-04 20:21:35,342: download_one() 'National Geographic: Queue size: 0'
INFO: 2022-05-04 20:21:35,342: get_throttling() 'National Geographic: parsing serverside options'
INFO: 2022-05-04 20:21:35,342: get_throttling() 'Could not parse National Geographic serverside options, using defaults None, None'
INFO: 2022-05-04 20:21:35,342: download_one() 'National Geographic: Filling queue'
INFO: 2022-05-04 20:21:35,516: download_one() 'National Geographic: Queue populated with 4 URLs'
INFO: 2022-05-04 20:21:35,516: save_locally() 'Origin URL: https://www.nationalgeographic.co.uk/photo-of-day?image=May%201'
INFO: 2022-05-04 20:21:35,516: save_locally() 'Image URL: https://static.nationalgeographic.co.uk/files/May%201.jpg'
INFO: 2022-05-04 20:21:35,516: save_locally() 'Local path: /home/f1restorm/.config/variety/Downloaded/National Geographic/May 1.jpg'
INFO: 2022-05-04 20:21:35,516: save_locally() 'File already exists, skip downloading'
INFO: 2022-05-04 20:24:36,518: get_throttling() 'National Geographic: parsing serverside options'
INFO: 2022-05-04 20:24:36,518: get_throttling() 'Could not parse National Geographic serverside options, using defaults None, None'
INFO: 2022-05-04 20:24:36,518: get_throttling() 'National Geographic: parsing serverside options'
INFO: 2022-05-04 20:24:36,518: get_throttling() 'Could not parse National Geographic serverside options, using defaults None, None'
INFO: 2022-05-04 20:24:36,518: download_one() 'National Geographic: Downloading an image, config: None'
INFO: 2022-05-04 20:24:36,519: download_one() 'National Geographic: Queue size: 3'
INFO: 2022-05-04 20:24:36,519: download_one() 'National Geographic: Queue populated with 3 URLs'
INFO: 2022-05-04 20:24:36,519: save_locally() 'Origin URL: https://www.nationalgeographic.co.uk/photo-of-day?image=May%202'
INFO: 2022-05-04 20:24:36,519: save_locally() 'Image URL: https://static.nationalgeographic.co.uk/files/May%202.jpg'
INFO: 2022-05-04 20:24:36,519: save_locally() 'Local path: /home/f1restorm/.config/variety/Downloaded/National Geographic/May 2.jpg'
INFO: 2022-05-04 20:24:36,519: save_locally() 'File already exists, skip downloading'
INFO: 2022-05-04 20:27:37,521: get_throttling() 'National Geographic: parsing serverside options'
INFO: 2022-05-04 20:27:37,521: get_throttling() 'Could not parse National Geographic serverside options, using defaults None, None'
INFO: 2022-05-04 20:27:37,521: get_throttling() 'National Geographic: parsing serverside options'
INFO: 2022-05-04 20:27:37,521: get_throttling() 'Could not parse National Geographic serverside options, using defaults None, None'
INFO: 2022-05-04 20:27:37,521: download_one() 'National Geographic: Downloading an image, config: None'
INFO: 2022-05-04 20:27:37,521: download_one() 'National Geographic: Queue size: 2'
INFO: 2022-05-04 20:27:37,521: download_one() 'National Geographic: Queue populated with 2 URLs'
INFO: 2022-05-04 20:27:37,521: save_locally() 'Origin URL: https://www.nationalgeographic.co.uk/photo-of-day?image=May%203'
INFO: 2022-05-04 20:27:37,521: save_locally() 'Image URL: https://static.nationalgeographic.co.uk/files/May%203.jpg'
INFO: 2022-05-04 20:27:37,521: save_locally() 'Local path: /home/f1restorm/.config/variety/Downloaded/National Geographic/May 3.jpg'
INFO: 2022-05-04 20:27:37,521: save_locally() 'File already exists, skip downloading'
INFO: 2022-05-04 20:30:38,523: get_throttling() 'National Geographic: parsing serverside options'
INFO: 2022-05-04 20:30:38,523: get_throttling() 'Could not parse National Geographic serverside options, using defaults None, None'
INFO: 2022-05-04 20:30:38,523: get_throttling() 'National Geographic: parsing serverside options'
INFO: 2022-05-04 20:30:38,523: get_throttling() 'Could not parse National Geographic serverside options, using defaults None, None'
INFO: 2022-05-04 20:30:38,523: download_one() 'National Geographic: Downloading an image, config: None'
INFO: 2022-05-04 20:30:38,523: download_one() 'National Geographic: Queue size: 1'
INFO: 2022-05-04 20:30:38,523: download_one() 'National Geographic: Queue populated with 1 URLs'
INFO: 2022-05-04 20:30:38,524: save_locally() 'Origin URL: https://www.nationalgeographic.co.uk/photo-of-day?image=May%2027'
INFO: 2022-05-04 20:30:38,524: save_locally() 'Image URL: https://static.nationalgeographic.co.uk/files/May%2027.jpg'
INFO: 2022-05-04 20:30:38,524: save_locally() 'Local path: /home/f1restorm/.config/variety/Downloaded/National Geographic/May 27.jpg'
INFO: 2022-05-04 20:30:38,524: save_locally() 'File already exists, skip downloading'
INFO: 2022-05-04 20:33:39,526: get_throttling() 'National Geographic: parsing serverside options'
INFO: 2022-05-04 20:33:39,526: get_throttling() 'Could not parse National Geographic serverside options, using defaults None, None'
INFO: 2022-05-04 20:33:39,526: get_throttling() 'National Geographic: parsing serverside options'
INFO: 2022-05-04 20:33:39,526: get_throttling() 'Could not parse National Geographic serverside options, using defaults None, None'
INFO: 2022-05-04 20:33:39,526: download_one() 'National Geographic: Downloading an image, config: None'
INFO: 2022-05-04 20:33:39,526: download_one() 'National Geographic: Queue size: 0'
INFO: 2022-05-04 20:33:39,526: get_throttling() 'National Geographic: parsing serverside options'
INFO: 2022-05-04 20:33:39,526: get_throttling() 'Could not parse National Geographic serverside options, using defaults None, None'
INFO: 2022-05-04 20:33:39,526: download_one() 'National Geographic: Filling queue'
INFO: 2022-05-04 20:33:39,651: download_one() 'National Geographic: Queue populated with 4 URLs'
INFO: 2022-05-04 20:33:39,651: save_locally() 'Origin URL: https://www.nationalgeographic.co.uk/photo-of-day?image=May%201'
INFO: 2022-05-04 20:33:39,651: save_locally() 'Image URL: https://static.nationalgeographic.co.uk/files/May%201.jpg'
INFO: 2022-05-04 20:33:39,651: save_locally() 'Local path: /home/f1restorm/.config/variety/Downloaded/National Geographic/May 1.jpg'
INFO: 2022-05-04 20:33:39,651: save_locally() 'File already exists, skip downloading'
INFO: 2022-05-04 20:36:40,653: get_throttling() 'National Geographic: parsing serverside options'
INFO: 2022-05-04 20:36:40,653: get_throttling() 'Could not parse National Geographic serverside options, using defaults None, None'
INFO: 2022-05-04 20:36:40,653: get_throttling() 'National Geographic: parsing serverside options'
INFO: 2022-05-04 20:36:40,653: get_throttling() 'Could not parse National Geographic serverside options, using defaults None, None'
INFO: 2022-05-04 20:36:40,653: download_one() 'National Geographic: Downloading an image, config: None'
INFO: 2022-05-04 20:36:40,653: download_one() 'National Geographic: Queue size: 3'
INFO: 2022-05-04 20:36:40,653: download_one() 'National Geographic: Queue populated with 3 URLs'
INFO: 2022-05-04 20:36:40,653: save_locally() 'Origin URL: https://www.nationalgeographic.co.uk/photo-of-day?image=May%202'
INFO: 2022-05-04 20:36:40,653: save_locally() 'Image URL: https://static.nationalgeographic.co.uk/files/May%202.jpg'
INFO: 2022-05-04 20:36:40,653: save_locally() 'Local path: /home/f1restorm/.config/variety/Downloaded/National Geographic/May 2.jpg'
INFO: 2022-05-04 20:36:40,654: save_locally() 'File already exists, skip downloading'
INFO: 2022-05-04 20:39:41,656: get_throttling() 'National Geographic: parsing serverside options'
INFO: 2022-05-04 20:39:41,656: get_throttling() 'Could not parse National Geographic serverside options, using defaults None, None'
INFO: 2022-05-04 20:39:41,656: get_throttling() 'National Geographic: parsing serverside options'
INFO: 2022-05-04 20:39:41,656: get_throttling() 'Could not parse National Geographic serverside options, using defaults None, None'
INFO: 2022-05-04 20:39:41,656: download_one() 'National Geographic: Downloading an image, config: None'
INFO: 2022-05-04 20:39:41,656: download_one() 'National Geographic: Queue size: 2'
INFO: 2022-05-04 20:39:41,656: download_one() 'National Geographic: Queue populated with 2 URLs'
INFO: 2022-05-04 20:39:41,656: save_locally() 'Origin URL: https://www.nationalgeographic.co.uk/photo-of-day?image=May%203'
INFO: 2022-05-04 20:39:41,656: save_locally() 'Image URL: https://static.nationalgeographic.co.uk/files/May%203.jpg'
INFO: 2022-05-04 20:39:41,656: save_locally() 'Local path: /home/f1restorm/.config/variety/Downloaded/National Geographic/May 3.jpg'
INFO: 2022-05-04 20:39:41,656: save_locally() 'File already exists, skip downloading'
INFO: 2022-05-04 20:42:42,658: get_throttling() 'National Geographic: parsing serverside options'
INFO: 2022-05-04 20:42:42,658: get_throttling() 'Could not parse National Geographic serverside options, using defaults None, None'
INFO: 2022-05-04 20:42:42,658: get_throttling() 'National Geographic: parsing serverside options'
INFO: 2022-05-04 20:42:42,658: get_throttling() 'Could not parse National Geographic serverside options, using defaults None, None'
INFO: 2022-05-04 20:42:42,658: download_one() 'National Geographic: Downloading an image, config: None'
INFO: 2022-05-04 20:42:42,658: download_one() 'National Geographic: Queue size: 1'
INFO: 2022-05-04 20:42:42,658: download_one() 'National Geographic: Queue populated with 1 URLs'
INFO: 2022-05-04 20:42:42,658: save_locally() 'Origin URL: https://www.nationalgeographic.co.uk/photo-of-day?image=May%2027'
INFO: 2022-05-04 20:42:42,658: save_locally() 'Image URL: https://static.nationalgeographic.co.uk/files/May%2027.jpg'
INFO: 2022-05-04 20:42:42,658: save_locally() 'Local path: /home/f1restorm/.config/variety/Downloaded/National Geographic/May 27.jpg'
INFO: 2022-05-04 20:42:42,658: save_locally() 'File already exists, skip downloading'
INFO: 2022-05-04 20:45:43,660: get_throttling() 'National Geographic: parsing serverside options'
INFO: 2022-05-04 20:45:43,660: get_throttling() 'Could not parse National Geographic serverside options, using defaults None, None'
INFO: 2022-05-04 20:45:43,660: get_throttling() 'National Geographic: parsing serverside options'
INFO: 2022-05-04 20:45:43,660: get_throttling() 'Could not parse National Geographic serverside options, using defaults None, None'
INFO: 2022-05-04 20:45:43,660: download_one() 'National Geographic: Downloading an image, config: None'
INFO: 2022-05-04 20:45:43,660: download_one() 'National Geographic: Queue size: 0'
INFO: 2022-05-04 20:45:43,660: get_throttling() 'National Geographic: parsing serverside options'
INFO: 2022-05-04 20:45:43,660: get_throttling() 'Could not parse National Geographic serverside options, using defaults None, None'
INFO: 2022-05-04 20:45:43,661: download_one() 'National Geographic: Filling queue'
INFO: 2022-05-04 20:45:43,938: download_one() 'National Geographic: Queue populated with 4 URLs'
INFO: 2022-05-04 20:45:43,939: save_locally() 'Origin URL: https://www.nationalgeographic.co.uk/photo-of-day?image=May%201'
INFO: 2022-05-04 20:45:43,939: save_locally() 'Image URL: https://static.nationalgeographic.co.uk/files/May%201.jpg'
INFO: 2022-05-04 20:45:43,939: save_locally() 'Local path: /home/f1restorm/.config/variety/Downloaded/National Geographic/May 1.jpg'
INFO: 2022-05-04 20:45:43,939: save_locally() 'File already exists, skip downloading'
INFO: 2022-05-04 20:48:44,941: get_throttling() 'National Geographic: parsing serverside options'
INFO: 2022-05-04 20:48:44,941: get_throttling() 'Could not parse National Geographic serverside options, using defaults None, None'
INFO: 2022-05-04 20:48:44,941: get_throttling() 'National Geographic: parsing serverside options'
INFO: 2022-05-04 20:48:44,941: get_throttling() 'Could not parse National Geographic serverside options, using defaults None, None'
INFO: 2022-05-04 20:48:44,941: download_one() 'National Geographic: Downloading an image, config: None'
INFO: 2022-05-04 20:48:44,941: download_one() 'National Geographic: Queue size: 3'
INFO: 2022-05-04 20:48:44,941: download_one() 'National Geographic: Queue populated with 3 URLs'
INFO: 2022-05-04 20:48:44,941: save_locally() 'Origin URL: https://www.nationalgeographic.co.uk/photo-of-day?image=May%202'
INFO: 2022-05-04 20:48:44,941: save_locally() 'Image URL: https://static.nationalgeographic.co.uk/files/May%202.jpg'
INFO: 2022-05-04 20:48:44,941: save_locally() 'Local path: /home/f1restorm/.config/variety/Downloaded/National Geographic/May 2.jpg'
INFO: 2022-05-04 20:48:44,941: save_locally() 'File already exists, skip downloading'
INFO: 2022-05-04 20:51:45,943: get_throttling() 'National Geographic: parsing serverside options'
INFO: 2022-05-04 20:51:45,943: get_throttling() 'Could not parse National Geographic serverside options, using defaults None, None'
INFO: 2022-05-04 20:51:45,943: get_throttling() 'National Geographic: parsing serverside options'
INFO: 2022-05-04 20:51:45,943: get_throttling() 'Could not parse National Geographic serverside options, using defaults None, None'
INFO: 2022-05-04 20:51:45,944: download_one() 'National Geographic: Downloading an image, config: None'
INFO: 2022-05-04 20:51:45,944: download_one() 'National Geographic: Queue size: 2'
INFO: 2022-05-04 20:51:45,944: download_one() 'National Geographic: Queue populated with 2 URLs'
INFO: 2022-05-04 20:51:45,944: save_locally() 'Origin URL: https://www.nationalgeographic.co.uk/photo-of-day?image=May%203'
INFO: 2022-05-04 20:51:45,944: save_locally() 'Image URL: https://static.nationalgeographic.co.uk/files/May%203.jpg'
INFO: 2022-05-04 20:51:45,944: save_locally() 'Local path: /home/f1restorm/.config/variety/Downloaded/National Geographic/May 3.jpg'
INFO: 2022-05-04 20:51:45,944: save_locally() 'File already exists, skip downloading'
INFO: 2022-05-04 20:54:46,945: get_throttling() 'National Geographic: parsing serverside options'
INFO: 2022-05-04 20:54:46,945: get_throttling() 'Could not parse National Geographic serverside options, using defaults None, None'
INFO: 2022-05-04 20:54:46,945: get_throttling() 'National Geographic: parsing serverside options'
INFO: 2022-05-04 20:54:46,945: get_throttling() 'Could not parse National Geographic serverside options, using defaults None, None'
INFO: 2022-05-04 20:54:46,945: download_one() 'National Geographic: Downloading an image, config: None'
INFO: 2022-05-04 20:54:46,945: download_one() 'National Geographic: Queue size: 1'
INFO: 2022-05-04 20:54:46,945: download_one() 'National Geographic: Queue populated with 1 URLs'
INFO: 2022-05-04 20:54:46,945: save_locally() 'Origin URL: https://www.nationalgeographic.co.uk/photo-of-day?image=May%2027'
INFO: 2022-05-04 20:54:46,945: save_locally() 'Image URL: https://static.nationalgeographic.co.uk/files/May%2027.jpg'
INFO: 2022-05-04 20:54:46,945: save_locally() 'Local path: /home/f1restorm/.config/variety/Downloaded/National Geographic/May 27.jpg'
INFO: 2022-05-04 20:54:46,945: save_locally() 'File already exists, skip downloading'
INFO: 2022-05-04 20:57:47,947: get_throttling() 'National Geographic: parsing serverside options'
INFO: 2022-05-04 20:57:47,947: get_throttling() 'Could not parse National Geographic serverside options, using defaults None, None'
INFO: 2022-05-04 20:57:47,947: get_throttling() 'National Geographic: parsing serverside options'
INFO: 2022-05-04 20:57:47,947: get_throttling() 'Could not parse National Geographic serverside options, using defaults None, None'
INFO: 2022-05-04 20:57:47,947: download_one() 'National Geographic: Downloading an image, config: None'
INFO: 2022-05-04 20:57:47,947: download_one() 'National Geographic: Queue size: 0'
INFO: 2022-05-04 20:57:47,947: get_throttling() 'National Geographic: parsing serverside options'
INFO: 2022-05-04 20:57:47,947: get_throttling() 'Could not parse National Geographic serverside options, using defaults None, None'
INFO: 2022-05-04 20:57:47,947: download_one() 'National Geographic: Filling queue'
INFO: 2022-05-04 20:57:48,081: download_one() 'National Geographic: Queue populated with 4 URLs'
INFO: 2022-05-04 20:57:48,082: save_locally() 'Origin URL: https://www.nationalgeographic.co.uk/photo-of-day?image=May%201'
INFO: 2022-05-04 20:57:48,082: save_locally() 'Image URL: https://static.nationalgeographic.co.uk/files/May%201.jpg'
INFO: 2022-05-04 20:57:48,082: save_locally() 'Local path: /home/f1restorm/.config/variety/Downloaded/National Geographic/May 1.jpg'
INFO: 2022-05-04 20:57:48,082: save_locally() 'File already exists, skip downloading'
INFO: 2022-05-04 21:00:49,083: get_throttling() 'National Geographic: parsing serverside options'
INFO: 2022-05-04 21:00:49,083: get_throttling() 'Could not parse National Geographic serverside options, using defaults None, None'
INFO: 2022-05-04 21:00:49,083: get_throttling() 'National Geographic: parsing serverside options'
INFO: 2022-05-04 21:00:49,083: get_throttling() 'Could not parse National Geographic serverside options, using defaults None, None'
INFO: 2022-05-04 21:00:49,083: download_one() 'National Geographic: Downloading an image, config: None'
INFO: 2022-05-04 21:00:49,083: download_one() 'National Geographic: Queue size: 3'
INFO: 2022-05-04 21:00:49,083: download_one() 'National Geographic: Queue populated with 3 URLs'
INFO: 2022-05-04 21:00:49,083: save_locally() 'Origin URL: https://www.nationalgeographic.co.uk/photo-of-day?image=May%202'
INFO: 2022-05-04 21:00:49,084: save_locally() 'Image URL: https://static.nationalgeographic.co.uk/files/May%202.jpg'
INFO: 2022-05-04 21:00:49,084: save_locally() 'Local path: /home/f1restorm/.config/variety/Downloaded/National Geographic/May 2.jpg'
INFO: 2022-05-04 21:00:49,084: save_locally() 'File already exists, skip downloading'
INFO: 2022-05-04 21:03:50,085: get_throttling() 'National Geographic: parsing serverside options'
INFO: 2022-05-04 21:03:50,085: get_throttling() 'Could not parse National Geographic serverside options, using defaults None, None'
INFO: 2022-05-04 21:03:50,085: get_throttling() 'National Geographic: parsing serverside options'
INFO: 2022-05-04 21:03:50,085: get_throttling() 'Could not parse National Geographic serverside options, using defaults None, None'
INFO: 2022-05-04 21:03:50,085: download_one() 'National Geographic: Downloading an image, config: None'
INFO: 2022-05-04 21:03:50,085: download_one() 'National Geographic: Queue size: 2'
INFO: 2022-05-04 21:03:50,085: download_one() 'National Geographic: Queue populated with 2 URLs'
INFO: 2022-05-04 21:03:50,085: save_locally() 'Origin URL: https://www.nationalgeographic.co.uk/photo-of-day?image=May%203'
INFO: 2022-05-04 21:03:50,085: save_locally() 'Image URL: https://static.nationalgeographic.co.uk/files/May%203.jpg'
INFO: 2022-05-04 21:03:50,085: save_locally() 'Local path: /home/f1restorm/.config/variety/Downloaded/National Geographic/May 3.jpg'
INFO: 2022-05-04 21:03:50,085: save_locally() 'File already exists, skip downloading'
INFO: 2022-05-04 21:06:51,086: get_throttling() 'National Geographic: parsing serverside options'
INFO: 2022-05-04 21:06:51,087: get_throttling() 'Could not parse National Geographic serverside options, using defaults None, None'
INFO: 2022-05-04 21:06:51,087: get_throttling() 'National Geographic: parsing serverside options'
INFO: 2022-05-04 21:06:51,087: get_throttling() 'Could not parse National Geographic serverside options, using defaults None, None'
INFO: 2022-05-04 21:06:51,087: download_one() 'National Geographic: Downloading an image, config: None'
INFO: 2022-05-04 21:06:51,087: download_one() 'National Geographic: Queue size: 1'
INFO: 2022-05-04 21:06:51,087: download_one() 'National Geographic: Queue populated with 1 URLs'
INFO: 2022-05-04 21:06:51,087: save_locally() 'Origin URL: https://www.nationalgeographic.co.uk/photo-of-day?image=May%2027'
INFO: 2022-05-04 21:06:51,087: save_locally() 'Image URL: https://static.nationalgeographic.co.uk/files/May%2027.jpg'
INFO: 2022-05-04 21:06:51,087: save_locally() 'Local path: /home/f1restorm/.config/variety/Downloaded/National Geographic/May 27.jpg'
INFO: 2022-05-04 21:06:51,087: save_locally() 'File already exists, skip downloading'
INFO: 2022-05-04 21:09:52,088: get_throttling() 'National Geographic: parsing serverside options'
INFO: 2022-05-04 21:09:52,089: get_throttling() 'Could not parse National Geographic serverside options, using defaults None, None'
INFO: 2022-05-04 21:09:52,089: get_throttling() 'National Geographic: parsing serverside options'
INFO: 2022-05-04 21:09:52,089: get_throttling() 'Could not parse National Geographic serverside options, using defaults None, None'
INFO: 2022-05-04 21:09:52,089: download_one() 'National Geographic: Downloading an image, config: None'
INFO: 2022-05-04 21:09:52,089: download_one() 'National Geographic: Queue size: 0'
INFO: 2022-05-04 21:09:52,089: get_throttling() 'National Geographic: parsing serverside options'
INFO: 2022-05-04 21:09:52,089: get_throttling() 'Could not parse National Geographic serverside options, using defaults None, None'
INFO: 2022-05-04 21:09:52,089: download_one() 'National Geographic: Filling queue'
INFO: 2022-05-04 21:09:52,440: download_one() 'National Geographic: Queue populated with 4 URLs'
INFO: 2022-05-04 21:09:52,441: save_locally() 'Origin URL: https://www.nationalgeographic.co.uk/photo-of-day?image=May%201'
INFO: 2022-05-04 21:09:52,441: save_locally() 'Image URL: https://static.nationalgeographic.co.uk/files/May%201.jpg'
INFO: 2022-05-04 21:09:52,441: save_locally() 'Local path: /home/f1restorm/.config/variety/Downloaded/National Geographic/May 1.jpg'
INFO: 2022-05-04 21:09:52,441: save_locally() 'File already exists, skip downloading'
INFO: 2022-05-04 21:12:53,442: get_throttling() 'National Geographic: parsing serverside options'
INFO: 2022-05-04 21:12:53,442: get_throttling() 'Could not parse National Geographic serverside options, using defaults None, None'
INFO: 2022-05-04 21:12:53,442: get_throttling() 'National Geographic: parsing serverside options'
INFO: 2022-05-04 21:12:53,442: get_throttling() 'Could not parse National Geographic serverside options, using defaults None, None'
INFO: 2022-05-04 21:12:53,442: download_one() 'National Geographic: Downloading an image, config: None'
INFO: 2022-05-04 21:12:53,442: download_one() 'National Geographic: Queue size: 3'
INFO: 2022-05-04 21:12:53,442: download_one() 'National Geographic: Queue populated with 3 URLs'
INFO: 2022-05-04 21:12:53,443: save_locally() 'Origin URL: https://www.nationalgeographic.co.uk/photo-of-day?image=May%202'
INFO: 2022-05-04 21:12:53,443: save_locally() 'Image URL: https://static.nationalgeographic.co.uk/files/May%202.jpg'
INFO: 2022-05-04 21:12:53,443: save_locally() 'Local path: /home/f1restorm/.config/variety/Downloaded/National Geographic/May 2.jpg'
INFO: 2022-05-04 21:12:53,443: save_locally() 'File already exists, skip downloading'
INFO: 2022-05-04 21:15:54,444: get_throttling() 'National Geographic: parsing serverside options'
INFO: 2022-05-04 21:15:54,444: get_throttling() 'Could not parse National Geographic serverside options, using defaults None, None'
INFO: 2022-05-04 21:15:54,444: get_throttling() 'National Geographic: parsing serverside options'
INFO: 2022-05-04 21:15:54,444: get_throttling() 'Could not parse National Geographic serverside options, using defaults None, None'
INFO: 2022-05-04 21:15:54,444: download_one() 'National Geographic: Downloading an image, config: None'
INFO: 2022-05-04 21:15:54,444: download_one() 'National Geographic: Queue size: 2'
INFO: 2022-05-04 21:15:54,444: download_one() 'National Geographic: Queue populated with 2 URLs'
INFO: 2022-05-04 21:15:54,444: save_locally() 'Origin URL: https://www.nationalgeographic.co.uk/photo-of-day?image=May%203'
INFO: 2022-05-04 21:15:54,444: save_locally() 'Image URL: https://static.nationalgeographic.co.uk/files/May%203.jpg'
INFO: 2022-05-04 21:15:54,444: save_locally() 'Local path: /home/f1restorm/.config/variety/Downloaded/National Geographic/May 3.jpg'
INFO: 2022-05-04 21:15:54,444: save_locally() 'File already exists, skip downloading'
INFO: 2022-05-04 21:18:55,447: get_throttling() 'National Geographic: parsing serverside options'
INFO: 2022-05-04 21:18:55,447: get_throttling() 'Could not parse National Geographic serverside options, using defaults None, None'
INFO: 2022-05-04 21:18:55,447: get_throttling() 'National Geographic: parsing serverside options'
INFO: 2022-05-04 21:18:55,447: get_throttling() 'Could not parse National Geographic serverside options, using defaults None, None'
INFO: 2022-05-04 21:18:55,447: download_one() 'National Geographic: Downloading an image, config: None'
INFO: 2022-05-04 21:18:55,447: download_one() 'National Geographic: Queue size: 1'
INFO: 2022-05-04 21:18:55,447: download_one() 'National Geographic: Queue populated with 1 URLs'
INFO: 2022-05-04 21:18:55,447: save_locally() 'Origin URL: https://www.nationalgeographic.co.uk/photo-of-day?image=May%2027'
INFO: 2022-05-04 21:18:55,447: save_locally() 'Image URL: https://static.nationalgeographic.co.uk/files/May%2027.jpg'
INFO: 2022-05-04 21:18:55,447: save_locally() 'Local path: /home/f1restorm/.config/variety/Downloaded/National Geographic/May 27.jpg'
INFO: 2022-05-04 21:18:55,447: save_locally() 'File already exists, skip downloading'
INFO: 2022-05-04 21:21:56,449: get_throttling() 'National Geographic: parsing serverside options'
INFO: 2022-05-04 21:21:56,449: get_throttling() 'Could not parse National Geographic serverside options, using defaults None, None'
INFO: 2022-05-04 21:21:56,449: get_throttling() 'National Geographic: parsing serverside options'
INFO: 2022-05-04 21:21:56,449: get_throttling() 'Could not parse National Geographic serverside options, using defaults None, None'
INFO: 2022-05-04 21:21:56,449: download_one() 'National Geographic: Downloading an image, config: None'
INFO: 2022-05-04 21:21:56,449: download_one() 'National Geographic: Queue size: 0'
INFO: 2022-05-04 21:21:56,449: get_throttling() 'National Geographic: parsing serverside options'
INFO: 2022-05-04 21:21:56,449: get_throttling() 'Could not parse National Geographic serverside options, using defaults None, None'
INFO: 2022-05-04 21:21:56,449: download_one() 'National Geographic: Filling queue'
INFO: 2022-05-04 21:21:56,568: download_one() 'National Geographic: Queue populated with 4 URLs'
INFO: 2022-05-04 21:21:56,569: save_locally() 'Origin URL: https://www.nationalgeographic.co.uk/photo-of-day?image=May%201'
INFO: 2022-05-04 21:21:56,569: save_locally() 'Image URL: https://static.nationalgeographic.co.uk/files/May%201.jpg'
INFO: 2022-05-04 21:21:56,569: save_locally() 'Local path: /home/f1restorm/.config/variety/Downloaded/National Geographic/May 1.jpg'
INFO: 2022-05-04 21:21:56,569: save_locally() 'File already exists, skip downloading'
INFO: 2022-05-04 21:24:57,570: get_throttling() 'National Geographic: parsing serverside options'
INFO: 2022-05-04 21:24:57,570: get_throttling() 'Could not parse National Geographic serverside options, using defaults None, None'
INFO: 2022-05-04 21:24:57,570: get_throttling() 'National Geographic: parsing serverside options'
INFO: 2022-05-04 21:24:57,570: get_throttling() 'Could not parse National Geographic serverside options, using defaults None, None'
INFO: 2022-05-04 21:24:57,570: download_one() 'National Geographic: Downloading an image, config: None'
INFO: 2022-05-04 21:24:57,570: download_one() 'National Geographic: Queue size: 3'
INFO: 2022-05-04 21:24:57,570: download_one() 'National Geographic: Queue populated with 3 URLs'
INFO: 2022-05-04 21:24:57,571: save_locally() 'Origin URL: https://www.nationalgeographic.co.uk/photo-of-day?image=May%202'
INFO: 2022-05-04 21:24:57,571: save_locally() 'Image URL: https://static.nationalgeographic.co.uk/files/May%202.jpg'
INFO: 2022-05-04 21:24:57,571: save_locally() 'Local path: /home/f1restorm/.config/variety/Downloaded/National Geographic/May 2.jpg'
INFO: 2022-05-04 21:24:57,571: save_locally() 'File already exists, skip downloading'
INFO: 2022-05-04 21:27:58,573: get_throttling() 'National Geographic: parsing serverside options'
INFO: 2022-05-04 21:27:58,573: get_throttling() 'Could not parse National Geographic serverside options, using defaults None, None'
INFO: 2022-05-04 21:27:58,573: get_throttling() 'National Geographic: parsing serverside options'
INFO: 2022-05-04 21:27:58,573: get_throttling() 'Could not parse National Geographic serverside options, using defaults None, None'
INFO: 2022-05-04 21:27:58,573: download_one() 'National Geographic: Downloading an image, config: None'
INFO: 2022-05-04 21:27:58,573: download_one() 'National Geographic: Queue size: 2'
INFO: 2022-05-04 21:27:58,573: download_one() 'National Geographic: Queue populated with 2 URLs'
INFO: 2022-05-04 21:27:58,573: save_locally() 'Origin URL: https://www.nationalgeographic.co.uk/photo-of-day?image=May%203'
INFO: 2022-05-04 21:27:58,573: save_locally() 'Image URL: https://static.nationalgeographic.co.uk/files/May%203.jpg'
INFO: 2022-05-04 21:27:58,573: save_locally() 'Local path: /home/f1restorm/.config/variety/Downloaded/National Geographic/May 3.jpg'
INFO: 2022-05-04 21:27:58,573: save_locally() 'File already exists, skip downloading'
INFO: 2022-05-04 21:30:59,574: get_throttling() 'National Geographic: parsing serverside options'
INFO: 2022-05-04 21:30:59,574: get_throttling() 'Could not parse National Geographic serverside options, using defaults None, None'
INFO: 2022-05-04 21:30:59,574: get_throttling() 'National Geographic: parsing serverside options'
INFO: 2022-05-04 21:30:59,574: get_throttling() 'Could not parse National Geographic serverside options, using defaults None, None'
INFO: 2022-05-04 21:30:59,574: download_one() 'National Geographic: Downloading an image, config: None'
INFO: 2022-05-04 21:30:59,574: download_one() 'National Geographic: Queue size: 1'
INFO: 2022-05-04 21:30:59,574: download_one() 'National Geographic: Queue populated with 1 URLs'
INFO: 2022-05-04 21:30:59,575: save_locally() 'Origin URL: https://www.nationalgeographic.co.uk/photo-of-day?image=May%2027'
INFO: 2022-05-04 21:30:59,575: save_locally() 'Image URL: https://static.nationalgeographic.co.uk/files/May%2027.jpg'
INFO: 2022-05-04 21:30:59,575: save_locally() 'Local path: /home/f1restorm/.config/variety/Downloaded/National Geographic/May 27.jpg'
INFO: 2022-05-04 21:30:59,575: save_locally() 'File already exists, skip downloading'
INFO: 2022-05-04 21:34:00,577: get_throttling() 'National Geographic: parsing serverside options'
INFO: 2022-05-04 21:34:00,577: get_throttling() 'Could not parse National Geographic serverside options, using defaults None, None'
INFO: 2022-05-04 21:34:00,577: get_throttling() 'National Geographic: parsing serverside options'
INFO: 2022-05-04 21:34:00,577: get_throttling() 'Could not parse National Geographic serverside options, using defaults None, None'
INFO: 2022-05-04 21:34:00,577: download_one() 'National Geographic: Downloading an image, config: None'
INFO: 2022-05-04 21:34:00,577: download_one() 'National Geographic: Queue size: 0'
INFO: 2022-05-04 21:34:00,577: get_throttling() 'National Geographic: parsing serverside options'
INFO: 2022-05-04 21:34:00,577: get_throttling() 'Could not parse National Geographic serverside options, using defaults None, None'
INFO: 2022-05-04 21:34:00,577: download_one() 'National Geographic: Filling queue'
INFO: 2022-05-04 21:34:00,701: download_one() 'National Geographic: Queue populated with 4 URLs'
INFO: 2022-05-04 21:34:00,701: save_locally() 'Origin URL: https://www.nationalgeographic.co.uk/photo-of-day?image=May%201'
INFO: 2022-05-04 21:34:00,701: save_locally() 'Image URL: https://static.nationalgeographic.co.uk/files/May%201.jpg'
INFO: 2022-05-04 21:34:00,701: save_locally() 'Local path: /home/f1restorm/.config/variety/Downloaded/National Geographic/May 1.jpg'
INFO: 2022-05-04 21:34:00,701: save_locally() 'File already exists, skip downloading'
INFO: 2022-05-04 21:37:01,702: get_throttling() 'National Geographic: parsing serverside options'
INFO: 2022-05-04 21:37:01,702: get_throttling() 'Could not parse National Geographic serverside options, using defaults None, None'
INFO: 2022-05-04 21:37:01,702: get_throttling() 'National Geographic: parsing serverside options'
INFO: 2022-05-04 21:37:01,702: get_throttling() 'Could not parse National Geographic serverside options, using defaults None, None'
INFO: 2022-05-04 21:37:01,702: download_one() 'National Geographic: Downloading an image, config: None'
INFO: 2022-05-04 21:37:01,703: download_one() 'National Geographic: Queue size: 3'
INFO: 2022-05-04 21:37:01,703: download_one() 'National Geographic: Queue populated with 3 URLs'
INFO: 2022-05-04 21:37:01,703: save_locally() 'Origin URL: https://www.nationalgeographic.co.uk/photo-of-day?image=May%202'
INFO: 2022-05-04 21:37:01,703: save_locally() 'Image URL: https://static.nationalgeographic.co.uk/files/May%202.jpg'
INFO: 2022-05-04 21:37:01,703: save_locally() 'Local path: /home/f1restorm/.config/variety/Downloaded/National Geographic/May 2.jpg'
INFO: 2022-05-04 21:37:01,703: save_locally() 'File already exists, skip downloading'
INFO: 2022-05-04 21:40:02,704: get_throttling() 'National Geographic: parsing serverside options'
INFO: 2022-05-04 21:40:02,704: get_throttling() 'Could not parse National Geographic serverside options, using defaults None, None'
INFO: 2022-05-04 21:40:02,704: get_throttling() 'National Geographic: parsing serverside options'
INFO: 2022-05-04 21:40:02,704: get_throttling() 'Could not parse National Geographic serverside options, using defaults None, None'
INFO: 2022-05-04 21:40:02,704: download_one() 'National Geographic: Downloading an image, config: None'
INFO: 2022-05-04 21:40:02,704: download_one() 'National Geographic: Queue size: 2'
INFO: 2022-05-04 21:40:02,704: download_one() 'National Geographic: Queue populated with 2 URLs'
INFO: 2022-05-04 21:40:02,704: save_locally() 'Origin URL: https://www.nationalgeographic.co.uk/photo-of-day?image=May%203'
INFO: 2022-05-04 21:40:02,704: save_locally() 'Image URL: https://static.nationalgeographic.co.uk/files/May%203.jpg'
INFO: 2022-05-04 21:40:02,705: save_locally() 'Local path: /home/f1restorm/.config/variety/Downloaded/National Geographic/May 3.jpg'
INFO: 2022-05-04 21:40:02,705: save_locally() 'File already exists, skip downloading'
INFO: 2022-05-04 21:43:03,706: get_throttling() 'National Geographic: parsing serverside options'
INFO: 2022-05-04 21:43:03,706: get_throttling() 'Could not parse National Geographic serverside options, using defaults None, None'
INFO: 2022-05-04 21:43:03,706: get_throttling() 'National Geographic: parsing serverside options'
INFO: 2022-05-04 21:43:03,706: get_throttling() 'Could not parse National Geographic serverside options, using defaults None, None'
INFO: 2022-05-04 21:43:03,706: download_one() 'National Geographic: Downloading an image, config: None'
INFO: 2022-05-04 21:43:03,706: download_one() 'National Geographic: Queue size: 1'
INFO: 2022-05-04 21:43:03,706: download_one() 'National Geographic: Queue populated with 1 URLs'
INFO: 2022-05-04 21:43:03,706: save_locally() 'Origin URL: https://www.nationalgeographic.co.uk/photo-of-day?image=May%2027'
INFO: 2022-05-04 21:43:03,706: save_locally() 'Image URL: https://static.nationalgeographic.co.uk/files/May%2027.jpg'
INFO: 2022-05-04 21:43:03,706: save_locally() 'Local path: /home/f1restorm/.config/variety/Downloaded/National Geographic/May 27.jpg'
INFO: 2022-05-04 21:43:03,706: save_locally() 'File already exists, skip downloading'
INFO: 2022-05-04 21:46:04,707: get_throttling() 'National Geographic: parsing serverside options'
INFO: 2022-05-04 21:46:04,707: get_throttling() 'Could not parse National Geographic serverside options, using defaults None, None'
INFO: 2022-05-04 21:46:04,708: get_throttling() 'National Geographic: parsing serverside options'
INFO: 2022-05-04 21:46:04,708: get_throttling() 'Could not parse National Geographic serverside options, using defaults None, None'
INFO: 2022-05-04 21:46:04,708: download_one() 'National Geographic: Downloading an image, config: None'
INFO: 2022-05-04 21:46:04,708: download_one() 'National Geographic: Queue size: 0'
INFO: 2022-05-04 21:46:04,708: get_throttling() 'National Geographic: parsing serverside options'
INFO: 2022-05-04 21:46:04,708: get_throttling() 'Could not parse National Geographic serverside options, using defaults None, None'
INFO: 2022-05-04 21:46:04,708: download_one() 'National Geographic: Filling queue'
INFO: 2022-05-04 21:46:04,896: download_one() 'National Geographic: Queue populated with 4 URLs'
INFO: 2022-05-04 21:46:04,896: save_locally() 'Origin URL: https://www.nationalgeographic.co.uk/photo-of-day?image=May%201'
INFO: 2022-05-04 21:46:04,896: save_locally() 'Image URL: https://static.nationalgeographic.co.uk/files/May%201.jpg'
INFO: 2022-05-04 21:46:04,896: save_locally() 'Local path: /home/f1restorm/.config/variety/Downloaded/National Geographic/May 1.jpg'
INFO: 2022-05-04 21:46:04,896: save_locally() 'File already exists, skip downloading'
INFO: 2022-05-04 21:49:05,898: get_throttling() 'National Geographic: parsing serverside options'
INFO: 2022-05-04 21:49:05,898: get_throttling() 'Could not parse National Geographic serverside options, using defaults None, None'
INFO: 2022-05-04 21:49:05,898: get_throttling() 'National Geographic: parsing serverside options'
INFO: 2022-05-04 21:49:05,898: get_throttling() 'Could not parse National Geographic serverside options, using defaults None, None'
INFO: 2022-05-04 21:49:05,898: download_one() 'National Geographic: Downloading an image, config: None'
INFO: 2022-05-04 21:49:05,898: download_one() 'National Geographic: Queue size: 3'
INFO: 2022-05-04 21:49:05,898: download_one() 'National Geographic: Queue populated with 3 URLs'
INFO: 2022-05-04 21:49:05,898: save_locally() 'Origin URL: https://www.nationalgeographic.co.uk/photo-of-day?image=May%202'
INFO: 2022-05-04 21:49:05,898: save_locally() 'Image URL: https://static.nationalgeographic.co.uk/files/May%202.jpg'
INFO: 2022-05-04 21:49:05,899: save_locally() 'Local path: /home/f1restorm/.config/variety/Downloaded/National Geographic/May 2.jpg'
INFO: 2022-05-04 21:49:05,899: save_locally() 'File already exists, skip downloading'
INFO: 2022-05-04 21:52:06,900: get_throttling() 'National Geographic: parsing serverside options'
INFO: 2022-05-04 21:52:06,900: get_throttling() 'Could not parse National Geographic serverside options, using defaults None, None'
INFO: 2022-05-04 21:52:06,900: get_throttling() 'National Geographic: parsing serverside options'
INFO: 2022-05-04 21:52:06,900: get_throttling() 'Could not parse National Geographic serverside options, using defaults None, None'
INFO: 2022-05-04 21:52:06,900: download_one() 'National Geographic: Downloading an image, config: None'
INFO: 2022-05-04 21:52:06,900: download_one() 'National Geographic: Queue size: 2'
INFO: 2022-05-04 21:52:06,900: download_one() 'National Geographic: Queue populated with 2 URLs'
INFO: 2022-05-04 21:52:06,901: save_locally() 'Origin URL: https://www.nationalgeographic.co.uk/photo-of-day?image=May%203'
INFO: 2022-05-04 21:52:06,901: save_locally() 'Image URL: https://static.nationalgeographic.co.uk/files/May%203.jpg'
INFO: 2022-05-04 21:52:06,901: save_locally() 'Local path: /home/f1restorm/.config/variety/Downloaded/National Geographic/May 3.jpg'
INFO: 2022-05-04 21:52:06,901: save_locally() 'File already exists, skip downloading'
INFO: 2022-05-04 21:55:07,903: get_throttling() 'National Geographic: parsing serverside options'
INFO: 2022-05-04 21:55:07,903: get_throttling() 'Could not parse National Geographic serverside options, using defaults None, None'
INFO: 2022-05-04 21:55:07,903: get_throttling() 'National Geographic: parsing serverside options'
INFO: 2022-05-04 21:55:07,903: get_throttling() 'Could not parse National Geographic serverside options, using defaults None, None'
INFO: 2022-05-04 21:55:07,903: download_one() 'National Geographic: Downloading an image, config: None'
INFO: 2022-05-04 21:55:07,903: download_one() 'National Geographic: Queue size: 1'
INFO: 2022-05-04 21:55:07,903: download_one() 'National Geographic: Queue populated with 1 URLs'
INFO: 2022-05-04 21:55:07,903: save_locally() 'Origin URL: https://www.nationalgeographic.co.uk/photo-of-day?image=May%2027'
INFO: 2022-05-04 21:55:07,903: save_locally() 'Image URL: https://static.nationalgeographic.co.uk/files/May%2027.jpg'
INFO: 2022-05-04 21:55:07,903: save_locally() 'Local path: /home/f1restorm/.config/variety/Downloaded/National Geographic/May 27.jpg'
INFO: 2022-05-04 21:55:07,903: save_locally() 'File already exists, skip downloading'
INFO: 2022-05-04 21:58:08,905: get_throttling() 'National Geographic: parsing serverside options'
INFO: 2022-05-04 21:58:08,905: get_throttling() 'Could not parse National Geographic serverside options, using defaults None, None'
INFO: 2022-05-04 21:58:08,905: get_throttling() 'National Geographic: parsing serverside options'
INFO: 2022-05-04 21:58:08,905: get_throttling() 'Could not parse National Geographic serverside options, using defaults None, None'
INFO: 2022-05-04 21:58:08,905: download_one() 'National Geographic: Downloading an image, config: None'
INFO: 2022-05-04 21:58:08,905: download_one() 'National Geographic: Queue size: 0'
INFO: 2022-05-04 21:58:08,905: get_throttling() 'National Geographic: parsing serverside options'
INFO: 2022-05-04 21:58:08,905: get_throttling() 'Could not parse National Geographic serverside options, using defaults None, None'
INFO: 2022-05-04 21:58:08,905: download_one() 'National Geographic: Filling queue'
INFO: 2022-05-04 21:58:09,039: download_one() 'National Geographic: Queue populated with 4 URLs'
INFO: 2022-05-04 21:58:09,039: save_locally() 'Origin URL: https://www.nationalgeographic.co.uk/photo-of-day?image=May%201'
INFO: 2022-05-04 21:58:09,039: save_locally() 'Image URL: https://static.nationalgeographic.co.uk/files/May%201.jpg'
INFO: 2022-05-04 21:58:09,039: save_locally() 'Local path: /home/f1restorm/.config/variety/Downloaded/National Geographic/May 1.jpg'
INFO: 2022-05-04 21:58:09,039: save_locally() 'File already exists, skip downloading'
INFO: 2022-05-04 22:01:10,041: get_throttling() 'National Geographic: parsing serverside options'
INFO: 2022-05-04 22:01:10,041: get_throttling() 'Could not parse National Geographic serverside options, using defaults None, None'
INFO: 2022-05-04 22:01:10,041: get_throttling() 'National Geographic: parsing serverside options'
INFO: 2022-05-04 22:01:10,041: get_throttling() 'Could not parse National Geographic serverside options, using defaults None, None'
INFO: 2022-05-04 22:01:10,041: download_one() 'National Geographic: Downloading an image, config: None'
INFO: 2022-05-04 22:01:10,041: download_one() 'National Geographic: Queue size: 3'
INFO: 2022-05-04 22:01:10,041: download_one() 'National Geographic: Queue populated with 3 URLs'
INFO: 2022-05-04 22:01:10,041: save_locally() 'Origin URL: https://www.nationalgeographic.co.uk/photo-of-day?image=May%202'
INFO: 2022-05-04 22:01:10,041: save_locally() 'Image URL: https://static.nationalgeographic.co.uk/files/May%202.jpg'
INFO: 2022-05-04 22:01:10,042: save_locally() 'Local path: /home/f1restorm/.config/variety/Downloaded/National Geographic/May 2.jpg'
INFO: 2022-05-04 22:01:10,042: save_locally() 'File already exists, skip downloading'
INFO: 2022-05-04 22:04:11,043: get_throttling() 'National Geographic: parsing serverside options'
INFO: 2022-05-04 22:04:11,043: get_throttling() 'Could not parse National Geographic serverside options, using defaults None, None'
INFO: 2022-05-04 22:04:11,043: get_throttling() 'National Geographic: parsing serverside options'
INFO: 2022-05-04 22:04:11,043: get_throttling() 'Could not parse National Geographic serverside options, using defaults None, None'
INFO: 2022-05-04 22:04:11,043: download_one() 'National Geographic: Downloading an image, config: None'
INFO: 2022-05-04 22:04:11,043: download_one() 'National Geographic: Queue size: 2'
INFO: 2022-05-04 22:04:11,043: download_one() 'National Geographic: Queue populated with 2 URLs'
INFO: 2022-05-04 22:04:11,043: save_locally() 'Origin URL: https://www.nationalgeographic.co.uk/photo-of-day?image=May%203'
INFO: 2022-05-04 22:04:11,043: save_locally() 'Image URL: https://static.nationalgeographic.co.uk/files/May%203.jpg'
INFO: 2022-05-04 22:04:11,043: save_locally() 'Local path: /home/f1restorm/.config/variety/Downloaded/National Geographic/May 3.jpg'
INFO: 2022-05-04 22:04:11,043: save_locally() 'File already exists, skip downloading'
INFO: 2022-05-04 22:07:12,045: get_throttling() 'National Geographic: parsing serverside options'
INFO: 2022-05-04 22:07:12,045: get_throttling() 'Could not parse National Geographic serverside options, using defaults None, None'
INFO: 2022-05-04 22:07:12,045: get_throttling() 'National Geographic: parsing serverside options'
INFO: 2022-05-04 22:07:12,045: get_throttling() 'Could not parse National Geographic serverside options, using defaults None, None'
INFO: 2022-05-04 22:07:12,045: download_one() 'National Geographic: Downloading an image, config: None'
INFO: 2022-05-04 22:07:12,045: download_one() 'National Geographic: Queue size: 1'
INFO: 2022-05-04 22:07:12,045: download_one() 'National Geographic: Queue populated with 1 URLs'
INFO: 2022-05-04 22:07:12,045: save_locally() 'Origin URL: https://www.nationalgeographic.co.uk/photo-of-day?image=May%2027'
INFO: 2022-05-04 22:07:12,046: save_locally() 'Image URL: https://static.nationalgeographic.co.uk/files/May%2027.jpg'
INFO: 2022-05-04 22:07:12,046: save_locally() 'Local path: /home/f1restorm/.config/variety/Downloaded/National Geographic/May 27.jpg'
INFO: 2022-05-04 22:07:12,046: save_locally() 'File already exists, skip downloading'
INFO: 2022-05-04 22:10:13,048: get_throttling() 'National Geographic: parsing serverside options'
INFO: 2022-05-04 22:10:13,048: get_throttling() 'Could not parse National Geographic serverside options, using defaults None, None'
INFO: 2022-05-04 22:10:13,048: get_throttling() 'National Geographic: parsing serverside options'
INFO: 2022-05-04 22:10:13,048: get_throttling() 'Could not parse National Geographic serverside options, using defaults None, None'
INFO: 2022-05-04 22:10:13,048: download_one() 'National Geographic: Downloading an image, config: None'
INFO: 2022-05-04 22:10:13,048: download_one() 'National Geographic: Queue size: 0'
INFO: 2022-05-04 22:10:13,048: get_throttling() 'National Geographic: parsing serverside options'
INFO: 2022-05-04 22:10:13,048: get_throttling() 'Could not parse National Geographic serverside options, using defaults None, None'
INFO: 2022-05-04 22:10:13,048: download_one() 'National Geographic: Filling queue'
INFO: 2022-05-04 22:10:13,171: download_one() 'National Geographic: Queue populated with 4 URLs'
INFO: 2022-05-04 22:10:13,171: save_locally() 'Origin URL: https://www.nationalgeographic.co.uk/photo-of-day?image=May%201'
INFO: 2022-05-04 22:10:13,171: save_locally() 'Image URL: https://static.nationalgeographic.co.uk/files/May%201.jpg'
INFO: 2022-05-04 22:10:13,171: save_locally() 'Local path: /home/f1restorm/.config/variety/Downloaded/National Geographic/May 1.jpg'
INFO: 2022-05-04 22:10:13,171: save_locally() 'File already exists, skip downloading'
INFO: 2022-05-04 22:13:14,173: get_throttling() 'National Geographic: parsing serverside options'
INFO: 2022-05-04 22:13:14,173: get_throttling() 'Could not parse National Geographic serverside options, using defaults None, None'
INFO: 2022-05-04 22:13:14,173: get_throttling() 'National Geographic: parsing serverside options'
INFO: 2022-05-04 22:13:14,173: get_throttling() 'Could not parse National Geographic serverside options, using defaults None, None'
INFO: 2022-05-04 22:13:14,173: download_one() 'National Geographic: Downloading an image, config: None'
INFO: 2022-05-04 22:13:14,173: download_one() 'National Geographic: Queue size: 3'
INFO: 2022-05-04 22:13:14,173: download_one() 'National Geographic: Queue populated with 3 URLs'
INFO: 2022-05-04 22:13:14,173: save_locally() 'Origin URL: https://www.nationalgeographic.co.uk/photo-of-day?image=May%202'
INFO: 2022-05-04 22:13:14,173: save_locally() 'Image URL: https://static.nationalgeographic.co.uk/files/May%202.jpg'
INFO: 2022-05-04 22:13:14,173: save_locally() 'Local path: /home/f1restorm/.config/variety/Downloaded/National Geographic/May 2.jpg'
INFO: 2022-05-04 22:13:14,173: save_locally() 'File already exists, skip downloading'
INFO: 2022-05-04 22:16:15,174: get_throttling() 'National Geographic: parsing serverside options'
INFO: 2022-05-04 22:16:15,174: get_throttling() 'Could not parse National Geographic serverside options, using defaults None, None'
INFO: 2022-05-04 22:16:15,174: get_throttling() 'National Geographic: parsing serverside options'
INFO: 2022-05-04 22:16:15,174: get_throttling() 'Could not parse National Geographic serverside options, using defaults None, None'
INFO: 2022-05-04 22:16:15,174: download_one() 'National Geographic: Downloading an image, config: None'
INFO: 2022-05-04 22:16:15,174: download_one() 'National Geographic: Queue size: 2'
INFO: 2022-05-04 22:16:15,174: download_one() 'National Geographic: Queue populated with 2 URLs'
INFO: 2022-05-04 22:16:15,174: save_locally() 'Origin URL: https://www.nationalgeographic.co.uk/photo-of-day?image=May%203'
INFO: 2022-05-04 22:16:15,174: save_locally() 'Image URL: https://static.nationalgeographic.co.uk/files/May%203.jpg'
INFO: 2022-05-04 22:16:15,174: save_locally() 'Local path: /home/f1restorm/.config/variety/Downloaded/National Geographic/May 3.jpg'
INFO: 2022-05-04 22:16:15,174: save_locally() 'File already exists, skip downloading'
INFO: 2022-05-04 22:19:16,176: get_throttling() 'National Geographic: parsing serverside options'
INFO: 2022-05-04 22:19:16,176: get_throttling() 'Could not parse National Geographic serverside options, using defaults None, None'
INFO: 2022-05-04 22:19:16,176: get_throttling() 'National Geographic: parsing serverside options'
INFO: 2022-05-04 22:19:16,176: get_throttling() 'Could not parse National Geographic serverside options, using defaults None, None'
INFO: 2022-05-04 22:19:16,176: download_one() 'National Geographic: Downloading an image, config: None'
INFO: 2022-05-04 22:19:16,177: download_one() 'National Geographic: Queue size: 1'
INFO: 2022-05-04 22:19:16,177: download_one() 'National Geographic: Queue populated with 1 URLs'
INFO: 2022-05-04 22:19:16,177: save_locally() 'Origin URL: https://www.nationalgeographic.co.uk/photo-of-day?image=May%2027'
INFO: 2022-05-04 22:19:16,177: save_locally() 'Image URL: https://static.nationalgeographic.co.uk/files/May%2027.jpg'
INFO: 2022-05-04 22:19:16,177: save_locally() 'Local path: /home/f1restorm/.config/variety/Downloaded/National Geographic/May 27.jpg'
INFO: 2022-05-04 22:19:16,177: save_locally() 'File already exists, skip downloading'
INFO: 2022-05-04 22:22:17,178: get_throttling() 'National Geographic: parsing serverside options'
INFO: 2022-05-04 22:22:17,178: get_throttling() 'Could not parse National Geographic serverside options, using defaults None, None'
INFO: 2022-05-04 22:22:17,179: get_throttling() 'National Geographic: parsing serverside options'
INFO: 2022-05-04 22:22:17,179: get_throttling() 'Could not parse National Geographic serverside options, using defaults None, None'
INFO: 2022-05-04 22:22:17,179: download_one() 'National Geographic: Downloading an image, config: None'
INFO: 2022-05-04 22:22:17,179: download_one() 'National Geographic: Queue size: 0'
INFO: 2022-05-04 22:22:17,179: get_throttling() 'National Geographic: parsing serverside options'
INFO: 2022-05-04 22:22:17,179: get_throttling() 'Could not parse National Geographic serverside options, using defaults None, None'
INFO: 2022-05-04 22:22:17,179: download_one() 'National Geographic: Filling queue'
INFO: 2022-05-04 22:22:17,313: download_one() 'National Geographic: Queue populated with 4 URLs'
INFO: 2022-05-04 22:22:17,314: save_locally() 'Origin URL: https://www.nationalgeographic.co.uk/photo-of-day?image=May%201'
INFO: 2022-05-04 22:22:17,314: save_locally() 'Image URL: https://static.nationalgeographic.co.uk/files/May%201.jpg'
INFO: 2022-05-04 22:22:17,314: save_locally() 'Local path: /home/f1restorm/.config/variety/Downloaded/National Geographic/May 1.jpg'
INFO: 2022-05-04 22:22:17,314: save_locally() 'File already exists, skip downloading'
INFO: 2022-05-04 22:25:18,315: get_throttling() 'National Geographic: parsing serverside options'
INFO: 2022-05-04 22:25:18,316: get_throttling() 'Could not parse National Geographic serverside options, using defaults None, None'
INFO: 2022-05-04 22:25:18,316: get_throttling() 'National Geographic: parsing serverside options'
INFO: 2022-05-04 22:25:18,316: get_throttling() 'Could not parse National Geographic serverside options, using defaults None, None'
INFO: 2022-05-04 22:25:18,316: download_one() 'National Geographic: Downloading an image, config: None'
INFO: 2022-05-04 22:25:18,316: download_one() 'National Geographic: Queue size: 3'
INFO: 2022-05-04 22:25:18,316: download_one() 'National Geographic: Queue populated with 3 URLs'
INFO: 2022-05-04 22:25:18,316: save_locally() 'Origin URL: https://www.nationalgeographic.co.uk/photo-of-day?image=May%202'
INFO: 2022-05-04 22:25:18,316: save_locally() 'Image URL: https://static.nationalgeographic.co.uk/files/May%202.jpg'
INFO: 2022-05-04 22:25:18,316: save_locally() 'Local path: /home/f1restorm/.config/variety/Downloaded/National Geographic/May 2.jpg'
INFO: 2022-05-04 22:25:18,316: save_locally() 'File already exists, skip downloading'
INFO: 2022-05-04 22:28:19,317: get_throttling() 'National Geographic: parsing serverside options'
INFO: 2022-05-04 22:28:19,317: get_throttling() 'Could not parse National Geographic serverside options, using defaults None, None'
INFO: 2022-05-04 22:28:19,318: get_throttling() 'National Geographic: parsing serverside options'
INFO: 2022-05-04 22:28:19,318: get_throttling() 'Could not parse National Geographic serverside options, using defaults None, None'
INFO: 2022-05-04 22:28:19,318: download_one() 'National Geographic: Downloading an image, config: None'
INFO: 2022-05-04 22:28:19,318: download_one() 'National Geographic: Queue size: 2'
INFO: 2022-05-04 22:28:19,318: download_one() 'National Geographic: Queue populated with 2 URLs'
INFO: 2022-05-04 22:28:19,318: save_locally() 'Origin URL: https://www.nationalgeographic.co.uk/photo-of-day?image=May%203'
INFO: 2022-05-04 22:28:19,318: save_locally() 'Image URL: https://static.nationalgeographic.co.uk/files/May%203.jpg'
INFO: 2022-05-04 22:28:19,318: save_locally() 'Local path: /home/f1restorm/.config/variety/Downloaded/National Geographic/May 3.jpg'
INFO: 2022-05-04 22:28:19,318: save_locally() 'File already exists, skip downloading'
INFO: 2022-05-04 22:31:20,319: get_throttling() 'National Geographic: parsing serverside options'
INFO: 2022-05-04 22:31:20,320: get_throttling() 'Could not parse National Geographic serverside options, using defaults None, None'
INFO: 2022-05-04 22:31:20,320: get_throttling() 'National Geographic: parsing serverside options'
INFO: 2022-05-04 22:31:20,320: get_throttling() 'Could not parse National Geographic serverside options, using defaults None, None'
INFO: 2022-05-04 22:31:20,320: download_one() 'National Geographic: Downloading an image, config: None'
INFO: 2022-05-04 22:31:20,320: download_one() 'National Geographic: Queue size: 1'
INFO: 2022-05-04 22:31:20,320: download_one() 'National Geographic: Queue populated with 1 URLs'
INFO: 2022-05-04 22:31:20,320: save_locally() 'Origin URL: https://www.nationalgeographic.co.uk/photo-of-day?image=May%2027'
INFO: 2022-05-04 22:31:20,320: save_locally() 'Image URL: https://static.nationalgeographic.co.uk/files/May%2027.jpg'
INFO: 2022-05-04 22:31:20,320: save_locally() 'Local path: /home/f1restorm/.config/variety/Downloaded/National Geographic/May 27.jpg'
INFO: 2022-05-04 22:31:20,320: save_locally() 'File already exists, skip downloading'
INFO: 2022-05-04 22:34:21,322: get_throttling() 'National Geographic: parsing serverside options'
INFO: 2022-05-04 22:34:21,322: get_throttling() 'Could not parse National Geographic serverside options, using defaults None, None'
INFO: 2022-05-04 22:34:21,322: get_throttling() 'National Geographic: parsing serverside options'
INFO: 2022-05-04 22:34:21,322: get_throttling() 'Could not parse National Geographic serverside options, using defaults None, None'
INFO: 2022-05-04 22:34:21,322: download_one() 'National Geographic: Downloading an image, config: None'
INFO: 2022-05-04 22:34:21,322: download_one() 'National Geographic: Queue size: 0'
INFO: 2022-05-04 22:34:21,322: get_throttling() 'National Geographic: parsing serverside options'
INFO: 2022-05-04 22:34:21,322: get_throttling() 'Could not parse National Geographic serverside options, using defaults None, None'
INFO: 2022-05-04 22:34:21,322: download_one() 'National Geographic: Filling queue'
INFO: 2022-05-04 22:34:21,471: download_one() 'National Geographic: Queue populated with 4 URLs'
INFO: 2022-05-04 22:34:21,471: save_locally() 'Origin URL: https://www.nationalgeographic.co.uk/photo-of-day?image=May%201'
INFO: 2022-05-04 22:34:21,471: save_locally() 'Image URL: https://static.nationalgeographic.co.uk/files/May%201.jpg'
INFO: 2022-05-04 22:34:21,471: save_locally() 'Local path: /home/f1restorm/.config/variety/Downloaded/National Geographic/May 1.jpg'
INFO: 2022-05-04 22:34:21,471: save_locally() 'File already exists, skip downloading'
INFO: 2022-05-04 22:37:22,472: get_throttling() 'National Geographic: parsing serverside options'
INFO: 2022-05-04 22:37:22,473: get_throttling() 'Could not parse National Geographic serverside options, using defaults None, None'
INFO: 2022-05-04 22:37:22,473: get_throttling() 'National Geographic: parsing serverside options'
INFO: 2022-05-04 22:37:22,473: get_throttling() 'Could not parse National Geographic serverside options, using defaults None, None'
INFO: 2022-05-04 22:37:22,473: download_one() 'National Geographic: Downloading an image, config: None'
INFO: 2022-05-04 22:37:22,473: download_one() 'National Geographic: Queue size: 3'
INFO: 2022-05-04 22:37:22,473: download_one() 'National Geographic: Queue populated with 3 URLs'
INFO: 2022-05-04 22:37:22,473: save_locally() 'Origin URL: https://www.nationalgeographic.co.uk/photo-of-day?image=May%202'
INFO: 2022-05-04 22:37:22,473: save_locally() 'Image URL: https://static.nationalgeographic.co.uk/files/May%202.jpg'
INFO: 2022-05-04 22:37:22,473: save_locally() 'Local path: /home/f1restorm/.config/variety/Downloaded/National Geographic/May 2.jpg'
INFO: 2022-05-04 22:37:22,473: save_locally() 'File already exists, skip downloading'
INFO: 2022-05-04 22:40:23,475: get_throttling() 'National Geographic: parsing serverside options'
INFO: 2022-05-04 22:40:23,475: get_throttling() 'Could not parse National Geographic serverside options, using defaults None, None'
INFO: 2022-05-04 22:40:23,475: get_throttling() 'National Geographic: parsing serverside options'
INFO: 2022-05-04 22:40:23,475: get_throttling() 'Could not parse National Geographic serverside options, using defaults None, None'
INFO: 2022-05-04 22:40:23,475: download_one() 'National Geographic: Downloading an image, config: None'
INFO: 2022-05-04 22:40:23,475: download_one() 'National Geographic: Queue size: 2'
INFO: 2022-05-04 22:40:23,475: download_one() 'National Geographic: Queue populated with 2 URLs'
INFO: 2022-05-04 22:40:23,476: save_locally() 'Origin URL: https://www.nationalgeographic.co.uk/photo-of-day?image=May%203'
INFO: 2022-05-04 22:40:23,476: save_locally() 'Image URL: https://static.nationalgeographic.co.uk/files/May%203.jpg'
INFO: 2022-05-04 22:40:23,476: save_locally() 'Local path: /home/f1restorm/.config/variety/Downloaded/National Geographic/May 3.jpg'
INFO: 2022-05-04 22:40:23,476: save_locally() 'File already exists, skip downloading'
INFO: 2022-05-04 22:43:24,478: get_throttling() 'National Geographic: parsing serverside options'
INFO: 2022-05-04 22:43:24,478: get_throttling() 'Could not parse National Geographic serverside options, using defaults None, None'
INFO: 2022-05-04 22:43:24,478: get_throttling() 'National Geographic: parsing serverside options'
INFO: 2022-05-04 22:43:24,478: get_throttling() 'Could not parse National Geographic serverside options, using defaults None, None'
INFO: 2022-05-04 22:43:24,478: download_one() 'National Geographic: Downloading an image, config: None'
INFO: 2022-05-04 22:43:24,478: download_one() 'National Geographic: Queue size: 1'
INFO: 2022-05-04 22:43:24,478: download_one() 'National Geographic: Queue populated with 1 URLs'
INFO: 2022-05-04 22:43:24,478: save_locally() 'Origin URL: https://www.nationalgeographic.co.uk/photo-of-day?image=May%2027'
INFO: 2022-05-04 22:43:24,478: save_locally() 'Image URL: https://static.nationalgeographic.co.uk/files/May%2027.jpg'
INFO: 2022-05-04 22:43:24,478: save_locally() 'Local path: /home/f1restorm/.config/variety/Downloaded/National Geographic/May 27.jpg'
INFO: 2022-05-04 22:43:24,478: save_locally() 'File already exists, skip downloading'
INFO: 2022-05-04 22:46:25,480: get_throttling() 'National Geographic: parsing serverside options'
INFO: 2022-05-04 22:46:25,480: get_throttling() 'Could not parse National Geographic serverside options, using defaults None, None'
INFO: 2022-05-04 22:46:25,480: get_throttling() 'National Geographic: parsing serverside options'
INFO: 2022-05-04 22:46:25,480: get_throttling() 'Could not parse National Geographic serverside options, using defaults None, None'
INFO: 2022-05-04 22:46:25,481: download_one() 'National Geographic: Downloading an image, config: None'
INFO: 2022-05-04 22:46:25,481: download_one() 'National Geographic: Queue size: 0'
INFO: 2022-05-04 22:46:25,481: get_throttling() 'National Geographic: parsing serverside options'
INFO: 2022-05-04 22:46:25,481: get_throttling() 'Could not parse National Geographic serverside options, using defaults None, None'
INFO: 2022-05-04 22:46:25,481: download_one() 'National Geographic: Filling queue'
INFO: 2022-05-04 22:46:25,602: download_one() 'National Geographic: Queue populated with 4 URLs'
INFO: 2022-05-04 22:46:25,602: save_locally() 'Origin URL: https://www.nationalgeographic.co.uk/photo-of-day?image=May%201'
INFO: 2022-05-04 22:46:25,602: save_locally() 'Image URL: https://static.nationalgeographic.co.uk/files/May%201.jpg'
INFO: 2022-05-04 22:46:25,602: save_locally() 'Local path: /home/f1restorm/.config/variety/Downloaded/National Geographic/May 1.jpg'
INFO: 2022-05-04 22:46:25,602: save_locally() 'File already exists, skip downloading'
INFO: 2022-05-04 22:49:26,604: get_throttling() 'National Geographic: parsing serverside options'
INFO: 2022-05-04 22:49:26,604: get_throttling() 'Could not parse National Geographic serverside options, using defaults None, None'
INFO: 2022-05-04 22:49:26,604: get_throttling() 'National Geographic: parsing serverside options'
INFO: 2022-05-04 22:49:26,604: get_throttling() 'Could not parse National Geographic serverside options, using defaults None, None'
INFO: 2022-05-04 22:49:26,604: download_one() 'National Geographic: Downloading an image, config: None'
INFO: 2022-05-04 22:49:26,604: download_one() 'National Geographic: Queue size: 3'
INFO: 2022-05-04 22:49:26,604: download_one() 'National Geographic: Queue populated with 3 URLs'
INFO: 2022-05-04 22:49:26,605: save_locally() 'Origin URL: https://www.nationalgeographic.co.uk/photo-of-day?image=May%202'
INFO: 2022-05-04 22:49:26,605: save_locally() 'Image URL: https://static.nationalgeographic.co.uk/files/May%202.jpg'
INFO: 2022-05-04 22:49:26,605: save_locally() 'Local path: /home/f1restorm/.config/variety/Downloaded/National Geographic/May 2.jpg'
INFO: 2022-05-04 22:49:26,605: save_locally() 'File already exists, skip downloading'
INFO: 2022-05-04 22:52:27,606: get_throttling() 'National Geographic: parsing serverside options'
INFO: 2022-05-04 22:52:27,607: get_throttling() 'Could not parse National Geographic serverside options, using defaults None, None'
INFO: 2022-05-04 22:52:27,607: get_throttling() 'National Geographic: parsing serverside options'
INFO: 2022-05-04 22:52:27,607: get_throttling() 'Could not parse National Geographic serverside options, using defaults None, None'
INFO: 2022-05-04 22:52:27,607: download_one() 'National Geographic: Downloading an image, config: None'
INFO: 2022-05-04 22:52:27,607: download_one() 'National Geographic: Queue size: 2'
INFO: 2022-05-04 22:52:27,607: download_one() 'National Geographic: Queue populated with 2 URLs'
INFO: 2022-05-04 22:52:27,607: save_locally() 'Origin URL: https://www.nationalgeographic.co.uk/photo-of-day?image=May%203'
INFO: 2022-05-04 22:52:27,607: save_locally() 'Image URL: https://static.nationalgeographic.co.uk/files/May%203.jpg'
INFO: 2022-05-04 22:52:27,607: save_locally() 'Local path: /home/f1restorm/.config/variety/Downloaded/National Geographic/May 3.jpg'
INFO: 2022-05-04 22:52:27,607: save_locally() 'File already exists, skip downloading'
INFO: 2022-05-04 22:55:28,608: get_throttling() 'National Geographic: parsing serverside options'
INFO: 2022-05-04 22:55:28,608: get_throttling() 'Could not parse National Geographic serverside options, using defaults None, None'
INFO: 2022-05-04 22:55:28,609: get_throttling() 'National Geographic: parsing serverside options'
INFO: 2022-05-04 22:55:28,609: get_throttling() 'Could not parse National Geographic serverside options, using defaults None, None'
INFO: 2022-05-04 22:55:28,609: download_one() 'National Geographic: Downloading an image, config: None'
INFO: 2022-05-04 22:55:28,609: download_one() 'National Geographic: Queue size: 1'
INFO: 2022-05-04 22:55:28,609: download_one() 'National Geographic: Queue populated with 1 URLs'
INFO: 2022-05-04 22:55:28,609: save_locally() 'Origin URL: https://www.nationalgeographic.co.uk/photo-of-day?image=May%2027'
INFO: 2022-05-04 22:55:28,609: save_locally() 'Image URL: https://static.nationalgeographic.co.uk/files/May%2027.jpg'
INFO: 2022-05-04 22:55:28,609: save_locally() 'Local path: /home/f1restorm/.config/variety/Downloaded/National Geographic/May 27.jpg'
INFO: 2022-05-04 22:55:28,609: save_locally() 'File already exists, skip downloading'
INFO: 2022-05-04 22:58:29,610: get_throttling() 'National Geographic: parsing serverside options'
INFO: 2022-05-04 22:58:29,610: get_throttling() 'Could not parse National Geographic serverside options, using defaults None, None'
INFO: 2022-05-04 22:58:29,610: get_throttling() 'National Geographic: parsing serverside options'
INFO: 2022-05-04 22:58:29,610: get_throttling() 'Could not parse National Geographic serverside options, using defaults None, None'
INFO: 2022-05-04 22:58:29,610: download_one() 'National Geographic: Downloading an image, config: None'
INFO: 2022-05-04 22:58:29,610: download_one() 'National Geographic: Queue size: 0'
INFO: 2022-05-04 22:58:29,610: get_throttling() 'National Geographic: parsing serverside options'
INFO: 2022-05-04 22:58:29,610: get_throttling() 'Could not parse National Geographic serverside options, using defaults None, None'
INFO: 2022-05-04 22:58:29,610: download_one() 'National Geographic: Filling queue'
INFO: 2022-05-04 22:58:29,743: download_one() 'National Geographic: Queue populated with 4 URLs'
INFO: 2022-05-04 22:58:29,744: save_locally() 'Origin URL: https://www.nationalgeographic.co.uk/photo-of-day?image=May%201'
INFO: 2022-05-04 22:58:29,744: save_locally() 'Image URL: https://static.nationalgeographic.co.uk/files/May%201.jpg'
INFO: 2022-05-04 22:58:29,744: save_locally() 'Local path: /home/f1restorm/.config/variety/Downloaded/National Geographic/May 1.jpg'
INFO: 2022-05-04 22:58:29,744: save_locally() 'File already exists, skip downloading'
